number,values_0,values_1,values_2,values_3,values_4,values_5,values_6,values_7,values_8,values_9,values_10,values_11,values_12,values_13,values_14,values_15,datetime_start,datetime_complete,duration,params_alpha_boreal_broadleaved_summergreen_tree,params_alpha_boreal_needleleaved_evergreen_tree,params_alpha_boreal_needleleaved_summergreen_tree,params_alpha_temperate_broadleaved_evergreen_tree,params_alpha_temperate_broadleaved_summergreen_tree,params_alpha_temperate_needleleaved_evergreen_tree,params_alpha_tropical_broadleaved_evergreen_tree,params_alpha_tropical_broadleaved_raingreen_tree,params_beta_boreal_broadleaved_summergreen_tree,params_beta_boreal_needleleaved_evergreen_tree,params_beta_boreal_needleleaved_summergreen_tree,params_beta_temperate_broadleaved_evergreen_tree,params_beta_temperate_broadleaved_summergreen_tree,params_beta_temperate_needleleaved_evergreen_tree,params_beta_tropical_broadleaved_evergreen_tree,params_beta_tropical_broadleaved_raingreen_tree,system_attrs_NSGAIISampler:generation,state
0,1000000.0,1000000.0,1000000.0,1000000.0,1000000.0,1000000.0,1000000.0,1000000.0,1000000.0,1000000.0,1000000.0,1000000.0,1000000.0,1000000.0,1000000.0,1000000.0,2026-03-27 00:31:07.282142,2026-03-27 00:31:30.588522,0 days 00:00:23.306380,0.23821960365489148,0.4837400366855389,0.5079110344679815,0.8418018369983915,0.37854297209115295,0.7183246086537064,0.144510538136074,0.5002207774257248,14.336082236658784,10.831135444111748,0.9699504017181515,8.497448359305542,8.232864379143397,18.21122745855342,13.982995591941826,12.12830652555399,0,COMPLETE
1,1000000.0,1000000.0,1000000.0,1000000.0,1000000.0,1000000.0,1000000.0,1000000.0,1000000.0,1000000.0,1000000.0,1000000.0,1000000.0,1000000.0,1000000.0,1000000.0,2026-03-27 00:31:30.600346,2026-03-27 00:31:51.373892,0 days 00:00:20.773546,0.8252068731463612,0.7793193430994021,0.3733519874934069,0.7852639673696586,0.6897827337288641,0.4551457426842753,0.09757480245856286,0.8907033802106125,24.583275663429944,24.41771840671338,0.31745163282376926,10.544518269297926,0.8364158875418568,11.026034704422257,8.80093524313168,16.62119126069395,0,COMPLETE
2,1000000.0,1000000.0,1000000.0,1000000.0,1000000.0,1000000.0,1000000.0,1000000.0,1000000.0,1000000.0,1000000.0,1000000.0,1000000.0,1000000.0,1000000.0,1000000.0,2026-03-27 00:31:51.384576,2026-03-27 00:32:18.724746,0 days 00:00:27.340170,0.0241512912749558,0.45186389728790677,0.5476378858301959,0.6163418141460397,0.5813369051814351,0.20931543831533253,0.5276301466900569,0.40723130003183794,11.912368910910791,3.550070952111554,23.159468483973587,17.59400861931564,10.016821482397598,11.390436551301281,17.65348834708107,14.393113950746391,0,COMPLETE
3,1000000.0,1000000.0,1000000.0,1000000.0,1000000.0,1000000.0,1000000.0,1000000.0,1000000.0,1000000.0,1000000.0,1000000.0,1000000.0,1000000.0,1000000.0,1000000.0,2026-03-27 00:32:18.735119,2026-03-27 00:32:46.237230,0 days 00:00:27.502111,0.3960764925894198,0.036391658183773844,0.6306033671839566,0.4985727727480695,0.5414049582470064,0.13822605046233552,0.11240962745254553,0.19407415051338697,17.996295190751844,4.432597917889468,18.834682551132556,24.127677391847264,1.9226551549280746,12.829906675367138,17.692830056334586,14.177981180985585,0,COMPLETE
4,1000000.0,1000000.0,1000000.0,1000000.0,1000000.0,1000000.0,1000000.0,1000000.0,1000000.0,1000000.0,1000000.0,1000000.0,1000000.0,1000000.0,1000000.0,1000000.0,2026-03-27 00:32:46.247879,2026-03-27 00:33:06.855925,0 days 00:00:20.608046,0.8533491829725948,0.014359814650417798,0.5388455680631411,0.4271970155431605,0.11939723932836556,0.5230377257229709,0.09930086811173211,0.06846280900453577,21.70267196653569,5.090748142704381,17.727513069312398,3.6325593575886446,24.06685693345404,18.073938319277147,14.482395734341585,22.559228898153115,0,COMPLETE
5,1000000.0,1000000.0,1000000.0,1000000.0,1000000.0,1000000.0,1000000.0,1000000.0,1000000.0,1000000.0,1000000.0,1000000.0,1000000.0,1000000.0,1000000.0,1000000.0,2026-03-27 00:33:06.866612,2026-03-27 00:33:34.170365,0 days 00:00:27.303753,0.3735117282432439,0.8055922290472968,0.877651310364046,0.24557710710979366,0.16229486705368218,0.9596973616870427,0.5604344849561578,0.10625658344049084,18.714144196094235,10.906934919709421,11.567072970985047,23.946471869923815,3.690632473708493,0.23609501503786398,4.09216068275666,21.884823467027292,0,COMPLETE
6,1000000.0,1000000.0,1000000.0,1000000.0,1000000.0,1000000.0,1000000.0,1000000.0,1000000.0,1000000.0,1000000.0,1000000.0,1000000.0,1000000.0,1000000.0,1000000.0,2026-03-27 00:33:34.180823,2026-03-27 00:33:55.006250,0 days 00:00:20.825427,0.765734800642008,0.40469082162734576,0.644079441977856,0.7821392056112871,0.8948367254600785,0.9243549840048849,0.25094986023968363,0.2292072773024215,8.949532930526406,6.560615370516606,13.41704059278623,4.0609056510903825,22.593451304244187,24.443966242406564,24.231371378911184,13.942716855101331,0,COMPLETE
7,1000000.0,1000000.0,1000000.0,1000000.0,1000000.0,1000000.0,1000000.0,1000000.0,1000000.0,1000000.0,1000000.0,1000000.0,1000000.0,1000000.0,1000000.0,1000000.0,2026-03-27 00:33:55.016480,2026-03-27 00:34:15.924809,0 days 00:00:20.908329,0.2903093235365855,0.7049431420063798,0.7554137164323287,0.8227020872328393,0.8980590167226683,0.6801821244359245,0.10160265716048122,0.8505290527865682,13.523264076762183,0.6059487828798908,4.614184329254137,7.983560560108686,10.293046166003997,23.458125828716103,18.07653776331825,8.57925210922507,0,COMPLETE
8,1000000.0,1000000.0,1000000.0,1000000.0,1000000.0,1000000.0,1000000.0,1000000.0,1000000.0,1000000.0,1000000.0,1000000.0,1000000.0,1000000.0,1000000.0,1000000.0,2026-03-27 00:34:15.935206,2026-03-27 00:34:36.615514,0 days 00:00:20.680308,0.4167714524873103,0.5802792371692511,0.9309708088756314,0.41434491949063024,0.9477885207277691,0.6847282563808564,0.8258876933864981,0.08021726787904425,6.420875138814435,0.04469126220897957,13.273202463336556,24.65808825765077,6.358491529777172,23.824229602720113,0.9730365648654749,5.99845548914114,0,COMPLETE
9,1000000.0,1000000.0,1000000.0,1000000.0,1000000.0,1000000.0,1000000.0,1000000.0,1000000.0,1000000.0,1000000.0,1000000.0,1000000.0,1000000.0,1000000.0,1000000.0,2026-03-27 00:34:36.625483,2026-03-27 00:35:29.467758,0 days 00:00:52.842275,0.7051616155896335,0.11629070734523049,0.2397621396351131,0.5337385927628777,0.8456540313721869,0.6950596479048636,0.6907018324697918,0.20611706706154834,18.74726665785392,1.8977094178739848,7.369311408856651,2.9755188415630824,11.59968705009092,14.661263662106816,0.7207015800124148,18.99836318047811,0,COMPLETE
10,1000000.0,1000000.0,1000000.0,1000000.0,1000000.0,1000000.0,1000000.0,1000000.0,1000000.0,1000000.0,1000000.0,1000000.0,1000000.0,1000000.0,1000000.0,1000000.0,2026-03-27 00:35:29.477948,2026-03-27 00:35:50.225964,0 days 00:00:20.748016,0.163429111469077,0.3215169262848427,0.9796245252507122,0.42198462580039353,0.5920727490883798,0.9039532512798942,0.588804225965077,0.15650117897670857,10.734461911541036,3.6966615437899963,8.052495650013437,16.558234238451313,3.4483523100271807,23.92486741069399,16.811462400232752,12.847364101849413,0,COMPLETE
11,1000000.0,1000000.0,0.14123493423416153,0.19372411304325018,0.3188765485076979,1000000.0,1000000.0,1000000.0,1000000.0,1000000.0,1000000.0,1000000.0,0.4427694455863501,1000000.0,1000000.0,1000000.0,2026-03-27 00:35:50.235922,2026-03-27 00:37:16.952632,0 days 00:01:26.716710,0.12087254597587063,0.3592446467592388,0.5828885655161072,0.8609773266203685,0.5338092349715855,0.29356622182872544,0.7349425531099127,0.2055036438426762,18.276755046775563,24.990135124033184,4.0039634023227535,22.537739539553467,0.3297800798218504,3.406480553043026,22.213467593212247,6.502701749861743,0,COMPLETE
12,1000000.0,1000000.0,1000000.0,1000000.0,1000000.0,1000000.0,1000000.0,1000000.0,1000000.0,1000000.0,1000000.0,1000000.0,1000000.0,1000000.0,1000000.0,1000000.0,2026-03-27 00:37:16.963439,2026-03-27 00:38:10.035399,0 days 00:00:53.071960,0.033817703789204435,0.190280940657941,0.6494471808280816,0.7736109557469404,0.6460822167784525,0.30540996052141683,0.8002426776394009,0.7728498062923386,11.234969414455303,17.610490038233895,10.822526155811966,19.591745756250287,2.3808740092132887,7.752630497886702,6.390088537641453,15.327798493292129,0,COMPLETE
13,1000000.0,1000000.0,1000000.0,1000000.0,1000000.0,1000000.0,1000000.0,1000000.0,1000000.0,1000000.0,1000000.0,1000000.0,1000000.0,1000000.0,1000000.0,1000000.0,2026-03-27 00:38:10.046618,2026-03-27 00:39:23.316511,0 days 00:01:13.269893,0.2690657300012693,0.49078364496968424,0.46149969293586307,0.22133239200559368,0.5657749616956459,0.14255986340003865,0.7335802997458245,0.7507365115803012,0.19767544823482855,18.047218347345922,2.3618699632612206,6.121692610065195,22.015999700978195,1.6618425854671603,6.592611566660563,23.56646172970979,0,COMPLETE
14,1000000.0,1000000.0,1000000.0,1000000.0,1000000.0,1000000.0,1000000.0,1000000.0,1000000.0,1000000.0,1000000.0,1000000.0,1000000.0,1000000.0,1000000.0,1000000.0,2026-03-27 00:39:23.327246,2026-03-27 00:39:44.197327,0 days 00:00:20.870081,0.8702854381422328,0.6070523089966359,0.6062041487709989,0.5738786029169363,0.15856880696605774,0.2436112707010957,0.20203511366219515,0.04545049667490552,11.14923541443984,12.879729148925401,11.458931239824736,6.716752342101809,18.01858417291893,24.36897030459285,10.672713216910715,20.22362417878997,0,COMPLETE
15,1000000.0,1000000.0,1000000.0,1000000.0,1000000.0,1000000.0,1000000.0,1000000.0,1000000.0,1000000.0,1000000.0,1000000.0,1000000.0,1000000.0,1000000.0,1000000.0,2026-03-27 00:39:44.207964,2026-03-27 00:40:21.280880,0 days 00:00:37.072916,0.95460059953524,0.14916630027173805,0.47105302181621783,0.2566725885657661,0.27556024829758097,0.2513234317571546,0.41331799111235556,0.5469334758425033,7.875532329648775,3.912331502278238,14.689240158964031,2.3353637194389654,17.334880989001384,16.939016364817395,6.9124610151393275,13.605147391928584,0,COMPLETE
16,1000000.0,1000000.0,1000000.0,1000000.0,1000000.0,1000000.0,1000000.0,1000000.0,1000000.0,1000000.0,1000000.0,1000000.0,1000000.0,1000000.0,1000000.0,1000000.0,2026-03-27 00:40:21.291676,2026-03-27 00:40:48.663608,0 days 00:00:27.371932,0.928587844438662,0.40831026059906794,0.941364118894393,0.1363585087804788,0.6689521526831875,0.41054724793159847,0.7150389149621655,0.20942044024840575,2.2633530850812584,15.764082498598128,19.583398290763807,5.353151718022691,12.176861398700348,20.112124494995708,11.593020596078432,4.5494891547105905,0,COMPLETE
17,1000000.0,1000000.0,1000000.0,1000000.0,1000000.0,1000000.0,1000000.0,1000000.0,1000000.0,1000000.0,1000000.0,1000000.0,1000000.0,1000000.0,1000000.0,1000000.0,2026-03-27 00:40:48.674458,2026-03-27 00:41:15.984882,0 days 00:00:27.310424,0.7137358639501741,0.6955865732138418,0.3662873111936026,0.6506844034990305,0.23220619395567269,0.3597330908936922,0.8396035566203823,0.7544308697391566,7.285195647787277,1.2635970201995759,23.25034487729397,4.653992841863115,2.990641646611442,15.04881858178218,22.657565218407278,16.751754090776785,0,COMPLETE
18,1000000.0,1000000.0,1000000.0,1000000.0,1000000.0,1000000.0,1000000.0,1000000.0,1000000.0,1000000.0,1000000.0,1000000.0,1000000.0,1000000.0,1000000.0,1000000.0,2026-03-27 00:41:15.995324,2026-03-27 00:41:37.683327,0 days 00:00:21.688003,0.2636832641246321,0.5345627991104034,0.9367201016369655,0.9677180012133462,0.08070176654959543,0.4778687828749706,0.057383701993975356,0.9666505891971874,7.676441564236882,15.863837053013018,16.236934449947515,18.23153135378109,19.829669753816116,5.780183754761481,11.182733589644135,9.612410724227479,0,COMPLETE
19,1000000.0,1000000.0,1000000.0,1000000.0,1000000.0,1000000.0,1000000.0,1000000.0,1000000.0,1000000.0,1000000.0,1000000.0,1000000.0,1000000.0,1000000.0,1000000.0,2026-03-27 00:41:37.694235,2026-03-27 00:41:58.282482,0 days 00:00:20.588247,0.44317008344435305,0.4464980669027864,0.2201504390039585,0.8296101086440592,0.5380063795201404,0.9732511482664882,0.38896274629077526,0.7128953304164001,6.182809657963756,8.28395415900303,6.278366760218083,14.565728109643548,0.4182833527679924,4.911435594550854,24.484840866327612,4.222570600244131,0,COMPLETE
20,1000000.0,1000000.0,0.008358979814892246,1000000.0,1000000.0,1000000.0,1000000.0,1000000.0,1000000.0,1000000.0,1000000.0,1000000.0,1000000.0,1000000.0,1000000.0,1000000.0,2026-03-27 00:41:58.292994,2026-03-27 00:43:24.212007,0 days 00:01:25.919013,0.04753726255755655,0.1086233050185069,0.10750574440615002,0.8416402751726477,0.8955881919886156,0.10581243804939185,0.3961141338546061,0.7527571531020829,14.230930260381518,0.855172357302774,15.5187778870855,11.414162968050556,12.854731781064666,18.909458126219103,22.89695265693244,21.958481437006622,0,COMPLETE
21,1000000.0,1000000.0,1000000.0,1000000.0,1000000.0,1000000.0,1000000.0,1000000.0,1000000.0,1000000.0,1000000.0,1000000.0,1000000.0,1000000.0,1000000.0,1000000.0,2026-03-27 00:43:24.222049,2026-03-27 00:43:48.445792,0 days 00:00:24.223743,0.8841770346287059,0.25431923950491614,0.15922627162202357,0.6224906342993541,0.2368445467309746,0.736232436946379,0.5867131967884194,0.21688516034039915,24.734922119797506,6.8213011278631885,10.426382770113406,5.72144551243694,19.94808028353999,0.8564074947813927,1.500483276003229,7.747824055607461,0,COMPLETE
22,1000000.0,1000000.0,1000000.0,1000000.0,1000000.0,1000000.0,1000000.0,1000000.0,1000000.0,1000000.0,1000000.0,1000000.0,1000000.0,1000000.0,1000000.0,1000000.0,2026-03-27 00:43:48.456616,2026-03-27 00:44:09.049466,0 days 00:00:20.592850,0.4405537352832356,0.49745594763292544,0.5861548263126279,0.816111763335584,0.6391979139663259,0.3782284438147583,0.5406488626790934,0.6213453057576726,11.494680084104543,11.74965743647482,4.980956204901533,7.168515289384185,3.8410257963476497,10.291851207032375,10.070617088003614,16.52425539397861,0,COMPLETE
23,1000000.0,1000000.0,1000000.0,1000000.0,1000000.0,1000000.0,1000000.0,1000000.0,1000000.0,1000000.0,1000000.0,1000000.0,1000000.0,1000000.0,1000000.0,1000000.0,2026-03-27 00:44:09.060799,2026-03-27 00:44:29.676912,0 days 00:00:20.616113,0.6148707107828746,0.01610190678372378,0.5523972890400762,0.7402609899542175,0.4179036932900533,0.31391071758953676,0.7313818201357051,0.033874358542718926,14.850249142493725,20.063735447958614,16.553536513589737,11.29053923235706,17.28809301060484,16.466975658919285,11.378064051070481,17.870390602417192,0,COMPLETE
24,1000000.0,1000000.0,1000000.0,1000000.0,1000000.0,1000000.0,1000000.0,1000000.0,1000000.0,1000000.0,1000000.0,1000000.0,1000000.0,1000000.0,1000000.0,1000000.0,2026-03-27 00:44:29.689582,2026-03-27 00:45:37.031776,0 days 00:01:07.342194,0.33144811367175364,0.23305342959150716,0.6036920376069853,0.21994163404223782,0.19353741110637013,0.8545776289013114,0.6506669725224318,0.20196203073467683,1.0956583841183603,0.414028935695718,1.139103095978324,1.7194032237184462,2.253462282067398,0.958706346903445,6.970314507907033,4.299053979059572,0,COMPLETE
25,1000000.0,1000000.0,1000000.0,1000000.0,1000000.0,1000000.0,1000000.0,1000000.0,1000000.0,1000000.0,1000000.0,1000000.0,1000000.0,1000000.0,1000000.0,1000000.0,2026-03-27 00:45:37.043956,2026-03-27 00:45:57.982035,0 days 00:00:20.938079,0.7004754308109212,0.6185430983191282,0.5063322020980267,0.9851072554271587,0.20107379267517692,0.765862691917262,0.5509914895631619,0.43810642544065276,17.566377896139006,9.169565215320329,4.729637870954803,19.500909280452127,22.733380075118713,4.090024267266336,5.831084584395376,13.863424448408262,0,COMPLETE
26,1000000.0,1000000.0,1000000.0,1000000.0,1000000.0,1000000.0,1000000.0,1000000.0,1000000.0,1000000.0,1000000.0,1000000.0,1000000.0,1000000.0,1000000.0,1000000.0,2026-03-27 00:45:57.993280,2026-03-27 00:46:21.859187,0 days 00:00:23.865907,0.45588808781258305,0.23142536544648,0.06027143958050935,0.8568559693832425,0.5469777826823841,0.3352006876767508,0.9256059214155664,0.6482100404744026,20.42182004064134,24.54282135140451,4.982011407037755,19.003644522689743,3.43229147486722,10.773917247232289,19.963093516337192,17.07116834677183,0,COMPLETE
27,1000000.0,1000000.0,1000000.0,1000000.0,1000000.0,1000000.0,1000000.0,1000000.0,1000000.0,1000000.0,1000000.0,1000000.0,1000000.0,1000000.0,1000000.0,1000000.0,2026-03-27 00:46:21.869995,2026-03-27 00:47:15.032088,0 days 00:00:53.162093,0.565192615172066,0.7648196674055326,0.43499190707255087,0.08402753439047576,0.030651893850245755,0.24006653789828236,0.4585549709583348,0.3313953068683576,21.036219186718668,12.669842888654136,3.7719854406257856,19.418678437539846,6.41674312364978,22.297217760668016,12.05904741938356,23.317972821616813,0,COMPLETE
28,1000000.0,1000000.0,1000000.0,1000000.0,1000000.0,1000000.0,1000000.0,1000000.0,1000000.0,1000000.0,1000000.0,1000000.0,1000000.0,1000000.0,1000000.0,1000000.0,2026-03-27 00:47:15.043108,2026-03-27 00:47:35.723253,0 days 00:00:20.680145,0.38978130830083446,0.5091080418650433,0.7440447073825482,0.8856389215616685,0.48632324618104844,0.8150177450369714,0.21682645139293405,0.017141573306956547,23.111938556028942,17.059411890345444,11.44568782637328,18.994967083817833,16.857542929250258,20.85698131090428,20.142130897666952,16.510652747971903,0,COMPLETE
29,1000000.0,1000000.0,1000000.0,1000000.0,1000000.0,1000000.0,1000000.0,1000000.0,1000000.0,1000000.0,1000000.0,1000000.0,1000000.0,1000000.0,1000000.0,1000000.0,2026-03-27 00:47:35.734154,2026-03-27 00:47:56.354959,0 days 00:00:20.620805,0.6717872581569841,0.7593183278959428,0.4708437167741498,0.07974143359708274,0.25445652931490187,0.6250489790033037,0.031691906242296765,0.8340701137142709,21.964822933620223,0.6690245549237548,4.793407813770618,2.662189013567623,16.22795128438855,17.53675101190338,8.368582577520085,10.729307743326181,0,COMPLETE
30,1000000.0,1000000.0,1000000.0,1000000.0,1000000.0,1000000.0,1000000.0,1000000.0,1000000.0,1000000.0,1000000.0,1000000.0,1000000.0,1000000.0,1000000.0,1000000.0,2026-03-27 00:47:56.365137,2026-03-27 00:48:23.624809,0 days 00:00:27.259672,0.752463180980785,0.9662106523213966,0.051753799224270085,0.31484871427161304,0.04180616748744126,0.11227705775593351,0.71991355460579,0.4080051646084188,18.085904761594914,3.4394088561122644,9.889305996758797,22.229084301744958,10.503258909668862,4.808653592124816,17.090544948683856,1.9210061159817626,0,COMPLETE
31,1000000.0,1000000.0,1000000.0,1000000.0,1000000.0,1000000.0,1000000.0,1000000.0,1000000.0,1000000.0,1000000.0,1000000.0,1000000.0,1000000.0,1000000.0,1000000.0,2026-03-27 00:48:23.635750,2026-03-27 00:48:54.322606,0 days 00:00:30.686856,0.19434276690089075,0.3308930906123468,0.882073862033187,0.10490483734021938,0.49925951439255534,0.363415300139621,0.11013753367690134,0.5317284110038133,3.116420449198988,4.206821797106995,3.340282338905268,2.3996853794289623,0.3361337148508669,22.243207460551538,8.963115494039167,3.817053182583298,0,COMPLETE
32,1000000.0,1000000.0,0.07104179252701116,0.12120014756806992,0.24251703185001655,1000000.0,1000000.0,1000000.0,1000000.0,1000000.0,0.30471155062328403,1000000.0,1000000.0,1000000.0,1000000.0,1000000.0,2026-03-27 00:48:54.333708,2026-03-27 00:50:20.666786,0 days 00:01:26.333078,0.35240084811599076,0.9273015659119106,0.07778357637945574,0.17524519330870458,0.4067309082100382,0.048458629742033944,0.8623907708698942,0.6025534001147111,15.227149486796332,6.1458685159809505,20.08659521899448,6.502807285793374,12.334743687165258,16.655322259020945,20.845132564819007,3.3116537712887766,0,COMPLETE
33,1000000.0,1000000.0,1000000.0,1000000.0,1000000.0,1000000.0,1000000.0,1000000.0,1000000.0,1000000.0,1000000.0,1000000.0,1000000.0,1000000.0,1000000.0,1000000.0,2026-03-27 00:50:20.677628,2026-03-27 00:51:34.312709,0 days 00:01:13.635081,0.8961499694026767,0.3566939980798594,0.10323523848729411,0.41596154812974895,0.9836996465177444,0.6908369927643986,0.4621476145003659,0.021181156763885364,3.775604849713011,16.7425492005099,18.816633276113514,1.8736498279063647,7.074074042638276,0.8005203795171522,21.98155771774661,1.462074627708076,0,COMPLETE
34,1000000.0,1000000.0,1000000.0,1000000.0,1000000.0,1000000.0,1000000.0,1000000.0,1000000.0,1000000.0,1000000.0,1000000.0,1000000.0,1000000.0,1000000.0,1000000.0,2026-03-27 00:51:34.322925,2026-03-27 00:52:01.836669,0 days 00:00:27.513744,0.5993494848755931,0.4589911614231615,0.13585556606553073,0.5681708986419371,0.8461484217394958,0.34852391906958985,0.656491910978773,0.1729155547322746,12.903145417204822,9.55207551079376,1.1938183704761207,6.350748876451178,17.044111167620585,14.655599565374503,0.9286377075552279,14.72974192691959,0,COMPLETE
