number,values_0,values_1,values_2,values_3,values_4,values_5,values_6,values_7,values_8,values_9,values_10,values_11,values_12,values_13,values_14,values_15,datetime_start,datetime_complete,duration,params_alpha_boreal_broadleaved_summergreen_tree,params_alpha_boreal_needleleaved_evergreen_tree,params_alpha_boreal_needleleaved_summergreen_tree,params_alpha_temperate_broadleaved_evergreen_tree,params_alpha_temperate_broadleaved_summergreen_tree,params_alpha_temperate_needleleaved_evergreen_tree,params_alpha_tropical_broadleaved_evergreen_tree,params_alpha_tropical_broadleaved_raingreen_tree,params_beta_boreal_broadleaved_summergreen_tree,params_beta_boreal_needleleaved_evergreen_tree,params_beta_boreal_needleleaved_summergreen_tree,params_beta_temperate_broadleaved_evergreen_tree,params_beta_temperate_broadleaved_summergreen_tree,params_beta_temperate_needleleaved_evergreen_tree,params_beta_tropical_broadleaved_evergreen_tree,params_beta_tropical_broadleaved_raingreen_tree,system_attrs_NSGAIISampler:generation,state
219,1000000.0,1000000.0,0.043012748787578846,1000000.0,1000000.0,1000000.0,1000000.0,1000000.0,1000000.0,1000000.0,0.24437453309603765,1000000.0,1000000.0,1000000.0,1000000.0,1000000.0,2026-03-27 03:18:08.825335,2026-03-27 03:19:34.034030,0 days 00:01:25.208695,0.4405537352832356,0.49745594763292544,0.4450254565154679,0.825213509398593,0.9188530021868051,0.10548093970678966,0.32098451946109324,0.6213453057576726,15.127522567911564,0.3493038177202602,18.6283626105338,23.10618075923542,17.827180233081393,2.3406477845908,6.213321170792406,16.00068957826149,4,COMPLETE
220,1000000.0,1000000.0,1000000.0,1000000.0,1000000.0,1000000.0,1000000.0,1000000.0,1000000.0,1000000.0,1000000.0,1000000.0,1000000.0,1000000.0,1000000.0,1000000.0,2026-03-27 03:19:34.045866,2026-03-27 03:19:54.555000,0 days 00:00:20.509134,0.3826649939883203,0.11861656837865918,0.02498668878531001,0.08402753439047576,0.5794047513261499,0.448020422660093,0.144510538136074,0.43371988679020973,15.127522567911564,12.669842888654136,12.963974835933758,23.10618075923542,3.012952674216892,18.21122745855342,11.411617145352238,16.00068957826149,4,COMPLETE
221,1000000.0,1000000.0,0.07722968642364858,0.1271977724068743,0.25448890171169253,1000000.0,1000000.0,1000000.0,1000000.0,1000000.0,0.3070487128745165,1000000.0,1000000.0,1000000.0,1000000.0,1000000.0,2026-03-27 03:19:54.565861,2026-03-27 03:21:20.566497,0 days 00:01:26.000636,0.35240084811599076,0.6955865732138418,0.3662873111936026,0.17524519330870458,0.5794047513261499,0.048458629742033944,0.8396035566203823,0.2055036438426762,18.276755046775563,1.2400390863102138,23.25034487729397,4.653992841863115,2.990641646611442,16.655322259020945,22.657565218407278,3.3116537712887766,4,COMPLETE
222,1000000.0,1000000.0,0.10775746938564361,1000000.0,0.38892867394679353,1000000.0,1000000.0,1000000.0,1000000.0,1000000.0,1000000.0,1000000.0,1000000.0,1000000.0,1000000.0,1000000.0,2026-03-27 03:21:20.576667,2026-03-27 03:22:46.109667,0 days 00:01:25.533000,0.19434276690089075,0.3308930906123468,0.882073862033187,0.9677180012133462,0.9836996465177444,0.29356622182872544,0.11013753367690134,0.5317284110038133,10.700245534655053,4.206821797106995,4.0039634023227535,18.23153135378109,2.211034426677409,0.8005203795171522,14.898875124396334,6.502701749861743,4,COMPLETE
223,1000000.0,1000000.0,1000000.0,1000000.0,1000000.0,1000000.0,1000000.0,1000000.0,1000000.0,1000000.0,1000000.0,1000000.0,1000000.0,1000000.0,1000000.0,1000000.0,2026-03-27 03:22:46.120692,2026-03-27 03:23:23.393995,0 days 00:00:37.273303,0.12087254597587063,0.4734016816737326,0.07778357637945574,0.17524519330870458,0.6391979139663259,0.30540996052141683,0.8623907708698942,0.6025534001147111,15.227149486796332,24.990135124033184,14.003064982436616,6.502807285793374,2.3808740092132887,10.291851207032375,10.070617088003614,15.380899790546678,4,COMPLETE
224,1000000.0,1000000.0,1000000.0,1000000.0,1000000.0,1000000.0,1000000.0,1000000.0,1000000.0,1000000.0,1000000.0,1000000.0,1000000.0,1000000.0,1000000.0,1000000.0,2026-03-27 03:23:23.405441,2026-03-27 03:24:36.241076,0 days 00:01:12.835635,0.565192615172066,0.6955865732138418,0.43499190707255087,0.08402753439047576,0.4067309082100382,0.048458629742033944,0.4842924188537502,0.6025534001147111,14.336082236658784,1.2400390863102138,0.9699504017181515,8.497448359305542,8.232864379143397,18.21122745855342,12.05904741938356,3.3116537712887766,4,COMPLETE
225,1000000.0,1000000.0,1000000.0,1000000.0,1000000.0,1000000.0,1000000.0,1000000.0,1000000.0,1000000.0,1000000.0,1000000.0,1000000.0,1000000.0,1000000.0,1000000.0,2026-03-27 03:24:36.252575,2026-03-27 03:24:56.808372,0 days 00:00:20.555797,0.2690657300012693,0.4734016816737326,0.8519770310093819,0.22133239200559368,0.4067309082100382,0.8435997426082747,0.3961141338546061,0.6320784058157981,23.852172759444052,24.11146666792807,20.137523351405278,6.121692610065195,22.015999700978195,10.291851207032375,7.471310740278318,15.380899790546678,4,COMPLETE
226,1000000.0,1000000.0,1000000.0,1000000.0,1000000.0,1000000.0,1000000.0,1000000.0,1000000.0,1000000.0,1000000.0,1000000.0,1000000.0,1000000.0,1000000.0,1000000.0,2026-03-27 03:24:56.820327,2026-03-27 03:25:17.307516,0 days 00:00:20.487189,0.6509170273504011,0.8146973832283123,0.07778357637945574,0.9802401008067853,0.6448191628896351,0.10548093970678966,0.36920948114530955,0.45679019582675656,3.2621889975285843,13.419946948700135,7.325954200026158,6.502807285793374,12.334743687165258,13.739497788161632,20.845132564819007,3.3116537712887766,4,COMPLETE
227,1000000.0,1000000.0,1000000.0,1000000.0,1000000.0,1000000.0,1000000.0,1000000.0,1000000.0,1000000.0,1000000.0,1000000.0,1000000.0,1000000.0,1000000.0,1000000.0,2026-03-27 03:25:17.320493,2026-03-27 03:25:44.441276,0 days 00:00:27.120783,0.04753726255755655,0.49745594763292544,0.4450254565154679,0.6628987467569829,0.38123091507916124,0.048458629742033944,0.32098451946109324,0.9270552828588717,11.494680084104543,23.100499573987648,14.996293360187861,5.59487262501663,23.320325499975624,16.655322259020945,10.070617088003614,16.52425539397861,4,COMPLETE
228,1000000.0,1000000.0,0.042804648427197785,1000000.0,0.03696033711759848,1000000.0,1000000.0,1000000.0,1000000.0,1000000.0,0.23490825640117896,1000000.0,0.3850035182539876,1000000.0,1000000.0,1000000.0,2026-03-27 03:25:44.454179,2026-03-27 03:27:09.896500,0 days 00:01:25.442321,0.10469953715964221,0.3592446467592388,0.5828885655161072,0.7736109557469404,0.2613958420681749,0.10548093970678966,0.8002426776394009,0.2055036438426762,18.276755046775563,24.990135124033184,7.325954200026158,22.537739539553467,4.06858719167553,3.406480553043026,22.213467593212247,15.327798493292129,4,COMPLETE
229,1000000.0,1000000.0,0.07125822809755579,0.1360772930290423,0.09267438142660109,1000000.0,1000000.0,1000000.0,1000000.0,1000000.0,0.294066063546559,1000000.0,1000000.0,1000000.0,1000000.0,1000000.0,2026-03-27 03:27:09.907384,2026-03-27 03:28:35.638400,0 days 00:01:25.731016,0.3826649939883203,0.11861656837865918,0.4450254565154679,0.17524519330870458,0.38123091507916124,0.10548093970678966,0.32098451946109324,0.43371988679020973,11.494680084104543,13.419946948700135,12.963974835933758,5.59487262501663,3.012952674216892,2.3406477845908,10.070617088003614,16.52425539397861,4,COMPLETE
230,1000000.0,1000000.0,0.06108432138730761,0.16892532824569842,0.3352488641742194,1000000.0,1000000.0,1000000.0,1000000.0,1000000.0,0.30931451633478907,0.35312986239829547,1000000.0,1000000.0,1000000.0,1000000.0,2026-03-27 03:28:35.648999,2026-03-27 03:30:01.038589,0 days 00:01:25.389590,0.11456933604383283,0.4589911614231615,0.5680831479575064,0.08402753439047576,0.5338092349715855,0.04447217856475382,0.656491910978773,0.3313953068683576,14.336082236658784,24.990135124033184,4.0039634023227535,22.537739539553467,4.492673249206467,3.406480553043026,22.213467593212247,23.317972821616813,4,COMPLETE
231,1000000.0,1000000.0,1000000.0,1000000.0,1000000.0,1000000.0,1000000.0,1000000.0,1000000.0,1000000.0,1000000.0,1000000.0,1000000.0,1000000.0,1000000.0,1000000.0,2026-03-27 03:30:01.049993,2026-03-27 03:31:22.904678,0 days 00:01:21.854685,0.12087254597587063,0.4589911614231615,0.6494471808280816,0.7736109557469404,0.2613958420681749,0.30540996052141683,0.656491910978773,0.2055036438426762,12.903145417204822,24.990135124033184,14.003064982436616,22.537739539553467,2.3808740092132887,3.406480553043026,22.213467593212247,14.733924714734936,4,COMPLETE
232,1000000.0,1000000.0,1000000.0,1000000.0,1000000.0,1000000.0,1000000.0,1000000.0,1000000.0,1000000.0,1000000.0,1000000.0,1000000.0,1000000.0,1000000.0,1000000.0,2026-03-27 03:31:22.915664,2026-03-27 03:32:47.042131,0 days 00:01:24.126467,0.35240084811599076,0.3592446467592388,0.07778357637945574,0.17524519330870458,0.2613958420681749,0.048458629742033944,0.8002426776394009,0.6025534001147111,15.227149486796332,20.954819834701457,14.003064982436616,22.537739539553467,12.334743687165258,3.406480553043026,22.213467593212247,3.3116537712887766,4,COMPLETE
233,1000000.0,1000000.0,0.029255602295419843,0.12125415370610387,0.07863968451180886,1000000.0,1000000.0,1000000.0,1000000.0,1000000.0,1000000.0,1000000.0,1000000.0,1000000.0,1000000.0,1000000.0,2026-03-27 03:32:47.053490,2026-03-27 03:34:12.668925,0 days 00:01:25.615435,0.8533491829725948,0.3566939980798594,0.10323523848729411,0.4271970155431605,0.9836996465177444,0.6908369927643986,0.21682645139293405,0.7527571531020829,7.676441564236882,16.7425492005099,18.816633276113514,1.8736498279063647,13.872765173409892,0.8005203795171522,14.482395734341585,22.559228898153115,4,COMPLETE
234,1000000.0,1000000.0,0.0475166711413869,1000000.0,0.02986225892230835,1000000.0,1000000.0,1000000.0,1000000.0,1000000.0,0.28918577821568414,1000000.0,1000000.0,1000000.0,1000000.0,1000000.0,2026-03-27 03:34:12.680725,2026-03-27 03:35:38.454080,0 days 00:01:25.773355,0.2636832641246321,0.3592446467592388,0.6494471808280816,0.7736109557469404,0.2613958420681749,0.07393182880556347,0.8002426776394009,0.6213453057576726,0.19767544823482855,11.74965743647482,14.003064982436616,22.537739539553467,19.829669753816116,0.8005203795171522,22.213467593212247,15.380899790546678,4,COMPLETE
235,1000000.0,1000000.0,1000000.0,1000000.0,1000000.0,1000000.0,1000000.0,1000000.0,1000000.0,1000000.0,1000000.0,1000000.0,1000000.0,1000000.0,1000000.0,1000000.0,2026-03-27 03:35:38.464978,2026-03-27 03:36:41.134059,0 days 00:01:02.669081,0.4858433328611808,0.9273015659119106,0.7440447073825482,0.8609773266203685,0.967891568108562,0.6908369927643986,0.21682645139293405,0.7527571531020829,18.276755046775563,24.990135124033184,18.816633276113514,16.223091708309155,16.857542929250258,0.8005203795171522,22.89695265693244,6.502701749861743,4,COMPLETE
236,1000000.0,1000000.0,1000000.0,1000000.0,1000000.0,1000000.0,1000000.0,1000000.0,1000000.0,1000000.0,1000000.0,1000000.0,1000000.0,1000000.0,1000000.0,1000000.0,2026-03-27 03:36:41.145291,2026-03-27 03:37:02.635496,0 days 00:00:21.490205,0.04753726255755655,0.8146973832283123,0.3662873111936026,0.76274127293352,0.4067309082100382,0.4182227391596416,0.20033392700372105,0.7527571531020829,15.227149486796332,0.855172357302774,19.966731868198373,24.681859226106685,2.990641646611442,18.909458126219103,23.09676141161119,13.141610768161886,4,COMPLETE
237,1000000.0,1000000.0,0.06958583726915919,0.12347606305402614,1000000.0,1000000.0,1000000.0,1000000.0,1000000.0,1000000.0,0.3063372039398843,1000000.0,1000000.0,1000000.0,1000000.0,1000000.0,2026-03-27 03:37:02.646801,2026-03-27 03:38:28.408323,0 days 00:01:25.761522,0.35240084811599076,0.9273015659119106,0.8680225562421504,0.17524519330870458,0.8955881919886156,0.048458629742033944,0.8623907708698942,0.6025534001147111,15.227149486796332,6.1458685159809505,20.08659521899448,6.502807285793374,2.239213977429966,9.968139857103258,22.657565218407278,3.3116537712887766,4,COMPLETE
238,1000000.0,1000000.0,1000000.0,1000000.0,1000000.0,1000000.0,1000000.0,1000000.0,1000000.0,1000000.0,1000000.0,1000000.0,1000000.0,1000000.0,1000000.0,1000000.0,2026-03-27 03:38:28.421138,2026-03-27 03:38:48.925882,0 days 00:00:20.504744,0.8533491829725948,0.3592446467592388,0.10323523848729411,0.8609773266203685,0.4067309082100382,0.6908369927643986,0.7349425531099127,0.2055036438426762,23.053890124600418,16.7425492005099,18.816633276113514,1.8736498279063647,24.06685693345404,18.073938319277147,10.900544347010323,3.3116537712887766,4,COMPLETE
239,1000000.0,1000000.0,1000000.0,0.08541164852128821,0.10459249909391756,1000000.0,1000000.0,1000000.0,1000000.0,1000000.0,1000000.0,0.28688182674090484,1000000.0,1000000.0,1000000.0,1000000.0,2026-03-27 03:38:48.938513,2026-03-27 03:40:14.500776,0 days 00:01:25.562263,0.2690657300012693,0.4734016816737326,0.07778357637945574,0.10106587474488772,0.4067309082100382,0.8820301922020268,0.7335802997458245,0.6213453057576726,15.227149486796332,6.1458685159809505,2.3618699632612206,6.502807285793374,12.334743687165258,16.655322259020945,20.845132564819007,3.3116537712887766,4,COMPLETE
240,1000000.0,1000000.0,1000000.0,1000000.0,1000000.0,1000000.0,1000000.0,1000000.0,1000000.0,1000000.0,1000000.0,1000000.0,1000000.0,1000000.0,1000000.0,1000000.0,2026-03-27 03:40:14.511733,2026-03-27 03:40:41.824564,0 days 00:00:27.312831,0.6462241857476497,0.4734016816737326,0.07778357637945574,0.7632013471294642,0.6391979139663259,0.048458629742033944,0.21682645139293405,0.6025534001147111,3.5729761457947893,11.74965743647482,19.966731868198373,6.502807285793374,16.857542929250258,12.417889027941694,10.070617088003614,15.380899790546678,4,COMPLETE
241,1000000.0,1000000.0,1000000.0,1000000.0,1000000.0,1000000.0,1000000.0,1000000.0,1000000.0,1000000.0,1000000.0,1000000.0,1000000.0,1000000.0,1000000.0,1000000.0,2026-03-27 03:40:41.835229,2026-03-27 03:41:03.147028,0 days 00:00:21.311799,0.8220233683036078,0.21445185918398804,0.5884798472427328,0.6774156236492264,0.8562013515991745,0.7568469399517427,0.5462105606194189,0.7070561849648365,0.3112439355599486,23.53059000522425,24.313381698499146,2.799024448280032,10.141524876571593,9.32099988378303,7.238700854011784,3.5010109128702473,4,COMPLETE
242,1000000.0,1000000.0,0.006647510069491382,1000000.0,0.10795593698353806,1000000.0,1000000.0,1000000.0,1000000.0,1000000.0,1000000.0,1000000.0,1000000.0,1000000.0,1000000.0,1000000.0,2026-03-27 03:41:03.158313,2026-03-27 03:42:29.090992,0 days 00:01:25.932679,0.4858433328611808,0.07051941277168566,0.09673007434862858,0.8609773266203685,0.5794047513261499,0.10548093970678966,0.8623907708698942,0.2055036438426762,7.788130077029203,13.419946948700135,6.671600197910619,23.10618075923542,4.06858719167553,16.655322259020945,11.411617145352238,11.261511533235144,4,COMPLETE
243,1000000.0,1000000.0,0.07549743284785279,0.13612683641696782,0.19590790599756125,1000000.0,1000000.0,1000000.0,1000000.0,1000000.0,0.3071679045562793,1000000.0,1000000.0,1000000.0,1000000.0,1000000.0,2026-03-27 03:42:29.102878,2026-03-27 03:43:54.902929,0 days 00:01:25.800051,0.38531818514404753,0.4734016816737326,0.4450254565154679,0.17524519330870458,0.38123091507916124,0.048458629742033944,0.7335802997458245,0.9270552828588717,0.19767544823482855,11.74965743647482,14.996293360187861,5.59487262501663,22.015999700978195,10.291851207032375,10.070617088003614,16.52425539397861,4,COMPLETE
244,1000000.0,1000000.0,0.08370374478915403,0.07070591395332403,1000000.0,1000000.0,1000000.0,1000000.0,1000000.0,1000000.0,0.2708786273890188,1000000.0,1000000.0,1000000.0,1000000.0,1000000.0,2026-03-27 03:43:54.914301,2026-03-27 03:45:20.532530,0 days 00:01:25.618229,0.2636832641246321,0.4734016816737326,0.46149969293586307,0.22133239200559368,0.6391979139663259,0.14255986340003865,0.7335802997458245,0.6213453057576726,0.19767544823482855,11.74965743647482,18.816633276113514,6.121692610065195,19.829669753816116,0.8005203795171522,10.070617088003614,15.380899790546678,4,COMPLETE
245,1000000.0,1000000.0,1000000.0,1000000.0,1000000.0,1000000.0,1000000.0,1000000.0,1000000.0,1000000.0,1000000.0,1000000.0,1000000.0,1000000.0,1000000.0,1000000.0,2026-03-27 03:45:20.544346,2026-03-27 03:45:44.382401,0 days 00:00:23.838055,0.12087254597587063,0.5091080418650433,0.5828885655161072,0.8856389215616685,0.1636985569221783,0.29356622182872544,0.7349425531099127,0.2055036438426762,18.276755046775563,24.990135124033184,4.755849281974349,3.5123216350251387,22.015999700978195,7.176349336480675,22.213467593212247,6.502701749861743,4,COMPLETE
246,1000000.0,1000000.0,0.08895319201656561,0.3658530288541604,0.24895346838966467,1000000.0,1000000.0,1000000.0,1000000.0,1000000.0,1000000.0,1000000.0,0.5158312285065616,1000000.0,1000000.0,1000000.0,2026-03-27 03:45:44.393856,2026-03-27 03:47:09.987209,0 days 00:01:25.593353,0.12087254597587063,0.2267353245055709,0.882073862033187,0.8609773266203685,0.1636985569221783,0.30540996052141683,0.7335802997458245,0.2055036438426762,3.116420449198988,11.74965743647482,14.003064982436616,22.537739539553467,2.3808740092132887,3.406480553043026,22.213467593212247,6.502701749861743,4,COMPLETE
247,1000000.0,1000000.0,0.07612553488707645,0.1321930165271185,0.17094937098844787,1000000.0,1000000.0,1000000.0,1000000.0,1000000.0,0.3068984789894727,1000000.0,1000000.0,1000000.0,1000000.0,1000000.0,2026-03-27 03:47:09.999912,2026-03-27 03:48:36.414418,0 days 00:01:26.414506,0.04753726255755655,0.49745594763292544,0.3662873111936026,0.17524519330870458,0.5505952433029866,0.048458629742033944,0.8396035566203823,0.9270552828588717,15.227149486796332,23.100499573987648,15.5187778870855,4.653992841863115,2.239213977429966,16.655322259020945,14.614548027788308,16.52425539397861,4,COMPLETE
248,1000000.0,1000000.0,0.11091092763759186,0.12389935992143417,1000000.0,1000000.0,1000000.0,1000000.0,1000000.0,1000000.0,1000000.0,1000000.0,1000000.0,1000000.0,1000000.0,1000000.0,2026-03-27 03:48:36.424962,2026-03-27 03:50:02.276191,0 days 00:01:25.851229,0.2690657300012693,0.4734016816737326,0.46149969293586307,0.22133239200559368,0.6391979139663259,0.14255986340003865,0.22734372305168113,0.6213453057576726,0.19767544823482855,11.74965743647482,2.3618699632612206,6.121692610065195,22.015999700978195,10.291851207032375,10.070617088003614,15.380899790546678,4,COMPLETE
249,1000000.0,1000000.0,1000000.0,1000000.0,1000000.0,1000000.0,1000000.0,1000000.0,1000000.0,1000000.0,1000000.0,1000000.0,1000000.0,1000000.0,1000000.0,1000000.0,2026-03-27 03:50:02.288363,2026-03-27 03:50:29.582706,0 days 00:00:27.294343,0.6509170273504011,0.9273015659119106,0.8387060522917666,0.250944211986152,0.38904831794731015,0.048458629742033944,0.20033392700372105,0.6025534001147111,7.788130077029203,11.74965743647482,7.325954200026158,24.681859226106685,4.06858719167553,13.739497788161632,10.070617088003614,13.141610768161886,4,COMPLETE
250,1000000.0,1000000.0,1000000.0,1000000.0,1000000.0,1000000.0,1000000.0,1000000.0,1000000.0,1000000.0,1000000.0,1000000.0,1000000.0,1000000.0,1000000.0,1000000.0,2026-03-27 03:50:29.593263,2026-03-27 03:50:50.275725,0 days 00:00:20.682462,0.38978130830083446,0.4734016816737326,0.46149969293586307,0.8856389215616685,0.4067309082100382,0.34325165935849433,0.7335802997458245,0.017141573306956547,15.227149486796332,6.1458685159809505,4.755849281974349,6.502807285793374,22.015999700978195,16.655322259020945,20.142130897666952,3.3116537712887766,5,COMPLETE
251,1000000.0,1000000.0,0.08137576098113451,0.1549522934904523,0.06546033503110324,1000000.0,1000000.0,1000000.0,1000000.0,1000000.0,1000000.0,1000000.0,1000000.0,1000000.0,1000000.0,1000000.0,2026-03-27 03:50:50.286695,2026-03-27 03:52:15.951326,0 days 00:01:25.664631,0.9695324378906215,0.9273015659119106,0.09673007434862858,0.17524519330870458,0.38123091507916124,0.10548093970678966,0.32098451946109324,0.43371988679020973,7.788130077029203,13.419946948700135,21.312155098786334,5.59487262501663,3.012952674216892,16.655322259020945,13.619341780303014,4.74227393535199,5,COMPLETE
252,1000000.0,1000000.0,1000000.0,0.13445922301803243,0.11943011251992491,1000000.0,1000000.0,1000000.0,1000000.0,1000000.0,1000000.0,1000000.0,1000000.0,1000000.0,1000000.0,1000000.0,2026-03-27 03:52:15.962861,2026-03-27 03:53:42.415737,0 days 00:01:26.452876,0.35068283215747564,0.7955922247876615,0.8519770310093819,0.17524519330870458,0.4067309082100382,0.8435997426082747,0.3961141338546061,0.8966552455811728,15.227149486796332,21.09805960762797,20.137523351405278,6.659799243926946,7.72886205309009,18.909458126219103,7.471310740278318,3.4671497291246975,5,COMPLETE
253,1000000.0,1000000.0,1000000.0,1000000.0,1000000.0,1000000.0,1000000.0,1000000.0,1000000.0,1000000.0,1000000.0,1000000.0,1000000.0,1000000.0,1000000.0,1000000.0,2026-03-27 03:53:42.426928,2026-03-27 03:54:09.920775,0 days 00:00:27.493847,0.19434276690089075,0.3308930906123468,0.43499190707255087,0.3874982015314117,0.49925951439255534,0.04447217856475382,0.11013753367690134,0.3313953068683576,10.700245534655053,4.206821797106995,4.0039634023227535,8.497448359305542,8.232864379143397,3.406480553043026,12.05904741938356,23.317972821616813,5,COMPLETE
254,1000000.0,1000000.0,1000000.0,1000000.0,1000000.0,1000000.0,1000000.0,1000000.0,1000000.0,1000000.0,1000000.0,1000000.0,1000000.0,1000000.0,1000000.0,1000000.0,2026-03-27 03:54:09.931893,2026-03-27 03:54:37.067840,0 days 00:00:27.135947,0.19434276690089075,0.07051941277168566,0.882073862033187,0.10490483734021938,0.49925951439255534,0.29356622182872544,0.11013753367690134,0.2055036438426762,7.788130077029203,4.206821797106995,4.0039634023227535,2.3996853794289623,0.3297800798218504,16.655322259020945,11.411617145352238,11.261511533235144,5,COMPLETE
