number,values_0,values_1,values_2,values_3,values_4,values_5,values_6,values_7,values_8,values_9,values_10,values_11,values_12,values_13,values_14,values_15,datetime_start,datetime_complete,duration,params_alpha_boreal_broadleaved_summergreen_tree,params_alpha_boreal_needleleaved_evergreen_tree,params_alpha_boreal_needleleaved_summergreen_tree,params_alpha_temperate_broadleaved_evergreen_tree,params_alpha_temperate_broadleaved_summergreen_tree,params_alpha_temperate_needleleaved_evergreen_tree,params_alpha_tropical_broadleaved_evergreen_tree,params_alpha_tropical_broadleaved_raingreen_tree,params_beta_boreal_broadleaved_summergreen_tree,params_beta_boreal_needleleaved_evergreen_tree,params_beta_boreal_needleleaved_summergreen_tree,params_beta_temperate_broadleaved_evergreen_tree,params_beta_temperate_broadleaved_summergreen_tree,params_beta_temperate_needleleaved_evergreen_tree,params_beta_tropical_broadleaved_evergreen_tree,params_beta_tropical_broadleaved_raingreen_tree,system_attrs_NSGAIISampler:generation,state
183,1000000.0,1000000.0,1000000.0,1000000.0,1000000.0,1000000.0,1000000.0,1000000.0,1000000.0,1000000.0,1000000.0,1000000.0,1000000.0,1000000.0,1000000.0,1000000.0,2026-03-27 02:40:57.776406,2026-03-27 02:41:18.554106,0 days 00:00:20.777700,0.37776754311422245,0.6522668844267079,0.429313948937739,0.4271970155431605,0.11939723932836556,0.6908369927643986,0.4567530303761876,0.021181156763885364,3.775604849713011,5.196083723747718,9.175494927152666,9.518474184793995,24.06685693345404,6.965753393167479,14.482395734341585,18.37534420094413,3,COMPLETE
184,1000000.0,1000000.0,1000000.0,1000000.0,1000000.0,1000000.0,1000000.0,1000000.0,1000000.0,1000000.0,1000000.0,1000000.0,1000000.0,1000000.0,1000000.0,1000000.0,2026-03-27 02:41:18.564930,2026-03-27 02:41:42.502256,0 days 00:00:23.937326,0.2636832641246321,0.5091080418650433,0.7440447073825482,0.7632013471294642,0.8980082897770008,0.6908369927643986,0.057383701993975356,0.021181156763885364,7.676441564236882,15.863837053013018,11.44568782637328,18.23153135378109,19.829669753816116,0.8005203795171522,22.89695265693244,16.510652747971903,3,COMPLETE
185,1000000.0,1000000.0,0.04688634868263827,1000000.0,1000000.0,1000000.0,1000000.0,1000000.0,1000000.0,1000000.0,0.2916137386545618,1000000.0,1000000.0,1000000.0,1000000.0,1000000.0,2026-03-27 02:41:42.513283,2026-03-27 02:43:08.611658,0 days 00:01:26.098375,0.6509170273504011,0.5091080418650433,0.6092300644170181,0.7632013471294642,0.8980082897770008,0.048458629742033944,0.20033392700372105,0.7527571531020829,23.111938556028942,2.4173006819534533,19.966731868198373,24.681859226106685,16.857542929250258,20.85698131090428,24.72180665255011,13.141610768161886,3,COMPLETE
186,1000000.0,1000000.0,0.13379678095498834,1000000.0,0.5050450544953878,1000000.0,1000000.0,1000000.0,1000000.0,1000000.0,1000000.0,1000000.0,1000000.0,1000000.0,1000000.0,1000000.0,2026-03-27 02:43:08.622714,2026-03-27 02:44:33.700609,0 days 00:01:25.077895,0.12087254597587063,0.9273015659119106,0.09673007434862858,0.9727002550802128,0.5794047513261499,0.29356622182872544,0.8623907708698942,0.2055036438426762,7.788130077029203,24.990135124033184,7.325954200026158,23.10618075923542,4.06858719167553,4.1517035862774065,11.411617145352238,3.3116537712887766,3,COMPLETE
187,1000000.0,1000000.0,0.031655797223254095,0.12684578949307854,1000000.0,1000000.0,1000000.0,1000000.0,1000000.0,1000000.0,1000000.0,1000000.0,1000000.0,1000000.0,1000000.0,1000000.0,2026-03-27 02:44:33.711662,2026-03-27 02:45:59.517773,0 days 00:01:25.806111,0.8533491829725948,0.3566939980798594,0.10323523848729411,0.4271970155431605,0.9836996465177444,0.6908369927643986,0.8414442611902317,0.021181156763885364,7.676441564236882,16.7425492005099,18.816633276113514,1.8736498279063647,19.829669753816116,0.8005203795171522,14.482395734341585,22.559228898153115,3,COMPLETE
188,1000000.0,1000000.0,0.07317330643402353,0.1319636652812971,0.21236137939338204,1000000.0,1000000.0,1000000.0,1000000.0,1000000.0,0.3052103049603414,1000000.0,1000000.0,1000000.0,1000000.0,1000000.0,2026-03-27 02:45:59.529639,2026-03-27 02:47:25.235721,0 days 00:01:25.706082,0.04753726255755655,0.49745594763292544,0.4450254565154679,0.17524519330870458,0.38123091507916124,0.048458629742033944,0.32098451946109324,0.9270552828588717,11.494680084104543,23.100499573987648,14.996293360187861,5.59487262501663,23.320325499975624,16.655322259020945,10.070617088003614,16.52425539397861,3,COMPLETE
189,1000000.0,1000000.0,1000000.0,1000000.0,1000000.0,1000000.0,1000000.0,1000000.0,1000000.0,1000000.0,1000000.0,1000000.0,1000000.0,1000000.0,1000000.0,1000000.0,2026-03-27 02:47:25.247111,2026-03-27 02:47:46.205022,0 days 00:00:20.957911,0.7004754308109212,0.3592446467592388,0.6494471808280816,0.7736109557469404,0.2613958420681749,0.765862691917262,0.34567353258838385,0.2055036438426762,18.276755046775563,9.169565215320329,4.729637870954803,22.537739539553467,2.3808740092132887,12.61985613433487,22.213467593212247,13.863424448408262,3,COMPLETE
190,1000000.0,1000000.0,0.09177443844695009,0.31096297085737484,0.26447590627808226,1000000.0,1000000.0,1000000.0,1000000.0,1000000.0,1000000.0,1000000.0,0.4653274918405802,1000000.0,1000000.0,1000000.0,2026-03-27 02:47:46.217305,2026-03-27 02:49:11.131647,0 days 00:01:24.914342,0.12087254597587063,0.3592446467592388,0.6494471808280816,0.7736109557469404,0.2613958420681749,0.30540996052141683,0.8002426776394009,0.2055036438426762,18.276755046775563,24.990135124033184,14.003064982436616,22.537739539553467,2.3808740092132887,3.406480553043026,22.213467593212247,15.327798493292129,3,COMPLETE
191,1000000.0,1000000.0,1000000.0,1000000.0,1000000.0,1000000.0,1000000.0,1000000.0,1000000.0,1000000.0,1000000.0,1000000.0,1000000.0,1000000.0,1000000.0,1000000.0,2026-03-27 02:49:11.142583,2026-03-27 02:49:42.437478,0 days 00:00:31.294895,0.6717872581569841,0.4589911614231615,0.4708437167741498,0.07974143359708274,0.25445652931490187,0.34852391906958985,0.656491910978773,0.1729155547322746,12.903145417204822,9.55207551079376,1.1938183704761207,2.662189013567623,16.22795128438855,17.53675101190338,8.368582577520085,14.72974192691959,3,COMPLETE
192,1000000.0,1000000.0,0.08632002055135936,0.12131897405133021,0.0886123264897912,1000000.0,1000000.0,1000000.0,1000000.0,1000000.0,1000000.0,1000000.0,1000000.0,1000000.0,1000000.0,1000000.0,2026-03-27 02:49:42.447793,2026-03-27 02:51:08.213475,0 days 00:01:25.765682,0.04753726255755655,0.1086233050185069,0.3662873111936026,0.17524519330870458,0.4067309082100382,0.10581243804939185,0.8396035566203823,0.7527571531020829,15.227149486796332,0.855172357302774,23.25034487729397,11.414162968050556,2.990641646611442,18.909458126219103,22.89695265693244,3.3116537712887766,3,COMPLETE
193,1000000.0,1000000.0,1000000.0,1000000.0,1000000.0,1000000.0,1000000.0,1000000.0,1000000.0,1000000.0,1000000.0,1000000.0,1000000.0,1000000.0,1000000.0,1000000.0,2026-03-27 02:51:08.224402,2026-03-27 02:52:29.969479,0 days 00:01:21.745077,0.38978130830083446,0.49745594763292544,0.4450254565154679,0.816111763335584,0.6391979139663259,0.09983956834409533,0.32098451946109324,0.6213453057576726,23.111938556028942,0.3493038177202602,11.44568782637328,18.994967083817833,16.857542929250258,0.02376839403534505,22.89695265693244,16.510652747971903,3,COMPLETE
194,1000000.0,1000000.0,1000000.0,1000000.0,1000000.0,1000000.0,1000000.0,1000000.0,1000000.0,1000000.0,1000000.0,1000000.0,1000000.0,1000000.0,1000000.0,1000000.0,2026-03-27 02:52:29.981184,2026-03-27 02:52:50.779488,0 days 00:00:20.798304,0.9201949343458844,0.07411160566475607,0.5828885655161072,0.8609773266203685,0.5155282640390267,0.7040830768589377,0.7328033365674884,0.2055036438426762,13.41423758201213,5.157280969045736,21.260023930194908,16.475168318879913,0.3297800798218504,3.406480553043026,22.213467593212247,6.112027821198079,3,COMPLETE
195,1000000.0,1000000.0,0.1198078541581095,1000000.0,0.026195977858465256,1000000.0,1000000.0,1000000.0,1000000.0,1000000.0,1000000.0,1000000.0,0.5258009416290154,1000000.0,1000000.0,1000000.0,2026-03-27 02:52:50.790672,2026-03-27 02:54:15.998089,0 days 00:01:25.207417,0.38978130830083446,0.5091080418650433,0.7440447073825482,0.8856389215616685,0.1636985569221783,0.14255986340003865,0.21682645139293405,0.017141573306956547,23.111938556028942,11.74965743647482,4.755849281974349,14.017060394342668,22.015999700978195,20.85698131090428,20.142130897666952,16.510652747971903,3,COMPLETE
196,1000000.0,1000000.0,1000000.0,1000000.0,1000000.0,1000000.0,1000000.0,1000000.0,1000000.0,1000000.0,1000000.0,1000000.0,1000000.0,1000000.0,1000000.0,1000000.0,2026-03-27 02:54:16.009010,2026-03-27 02:54:36.773784,0 days 00:00:20.764774,0.5993494848755931,0.9272160667979397,0.10750574440615002,0.8416402751726477,0.8980082897770008,0.34852391906958985,0.656491910978773,0.7527571531020829,12.903145417204822,9.55207551079376,1.1938183704761207,6.350748876451178,21.022259543702653,14.655599565374503,0.9286377075552279,14.72974192691959,3,COMPLETE
197,1000000.0,1000000.0,1000000.0,1000000.0,1000000.0,1000000.0,1000000.0,1000000.0,1000000.0,1000000.0,1000000.0,1000000.0,1000000.0,1000000.0,1000000.0,1000000.0,2026-03-27 02:54:36.784484,2026-03-27 02:55:03.979833,0 days 00:00:27.195349,0.5993494848755931,0.4589911614231615,0.13585556606553073,0.5681708986419371,0.4067309082100382,0.34852391906958985,0.656491910978773,0.1729155547322746,12.903145417204822,6.1458685159809505,20.08659521899448,6.350748876451178,17.044111167620585,14.655599565374503,0.9286377075552279,14.72974192691959,3,COMPLETE
198,1000000.0,1000000.0,0.05329827349010487,0.2125556916490691,0.032131370125342,1000000.0,1000000.0,1000000.0,1000000.0,1000000.0,1000000.0,0.3807693810389417,0.46291077028820604,1000000.0,1000000.0,1000000.0,2026-03-27 02:55:03.990900,2026-03-27 02:56:29.496070,0 days 00:01:25.505170,0.19434276690089075,0.3308930906123468,0.882073862033187,0.10490483734021938,0.49925951439255534,0.29356622182872544,0.11013753367690134,0.5317284110038133,10.700245534655053,4.206821797106995,4.0039634023227535,2.3996853794289623,0.3297800798218504,3.406480553043026,14.898875124396334,6.502701749861743,3,COMPLETE
199,1000000.0,1000000.0,0.08370374478915403,0.07070591395332403,1000000.0,1000000.0,1000000.0,1000000.0,1000000.0,1000000.0,0.2708786273890188,1000000.0,1000000.0,1000000.0,1000000.0,1000000.0,2026-03-27 02:56:29.506747,2026-03-27 02:57:54.786264,0 days 00:01:25.279517,0.2636832641246321,0.4734016816737326,0.46149969293586307,0.22133239200559368,0.6391979139663259,0.14255986340003865,0.7335802997458245,0.6213453057576726,0.19767544823482855,11.74965743647482,18.816633276113514,6.121692610065195,19.829669753816116,0.8005203795171522,10.070617088003614,15.380899790546678,3,COMPLETE
200,1000000.0,1000000.0,0.047689696891050674,0.006211334591216811,1000000.0,1000000.0,1000000.0,1000000.0,1000000.0,1000000.0,0.2236593432491393,1000000.0,1000000.0,1000000.0,1000000.0,1000000.0,2026-03-27 02:57:54.797003,2026-03-27 02:59:20.674077,0 days 00:01:25.877074,0.8533491829725948,0.4734016816737326,0.46149969293586307,0.4271970155431605,0.6391979139663259,0.14255986340003865,0.8414442611902317,0.6213453057576726,3.1026710743988617,5.525152231868991,18.816633276113514,1.8736498279063647,24.06685693345404,2.282102194149232,10.070617088003614,15.380899790546678,4,COMPLETE
201,1000000.0,1000000.0,1000000.0,1000000.0,1000000.0,1000000.0,1000000.0,1000000.0,1000000.0,1000000.0,1000000.0,1000000.0,1000000.0,1000000.0,1000000.0,1000000.0,2026-03-27 02:59:20.686178,2026-03-27 02:59:48.099393,0 days 00:00:27.413215,0.04753726255755655,0.3566939980798594,0.10323523848729411,0.4271970155431605,0.23220619395567269,0.048458629742033944,0.8414442611902317,0.9270552828588717,11.494680084104543,16.7425492005099,6.570573344106687,5.59487262501663,24.06685693345404,16.655322259020945,10.070617088003614,16.52425539397861,4,COMPLETE
202,1000000.0,1000000.0,0.09266619189961285,0.17160413634519292,1000000.0,1000000.0,1000000.0,1000000.0,1000000.0,1000000.0,1000000.0,1000000.0,1000000.0,1000000.0,1000000.0,1000000.0,2026-03-27 02:59:48.109856,2026-03-27 03:01:13.410970,0 days 00:01:25.301114,0.2690657300012693,0.9273015659119106,0.46149969293586307,0.17524519330870458,0.8955881919886156,0.14255986340003865,0.7335802997458245,0.6025534001147111,4.315739410651196,6.1458685159809505,20.08659521899448,6.502807285793374,22.015999700978195,9.968139857103258,10.070617088003614,3.3116537712887766,4,COMPLETE
203,1000000.0,1000000.0,0.09141999666837643,0.17918272144064792,1000000.0,1000000.0,1000000.0,1000000.0,1000000.0,1000000.0,1000000.0,1000000.0,1000000.0,1000000.0,1000000.0,1000000.0,2026-03-27 03:01:13.421706,2026-03-27 03:02:39.222668,0 days 00:01:25.800962,0.2636832641246321,0.6955865732138418,0.46149969293586307,0.17524519330870458,0.6391979139663259,0.14255986340003865,0.7335802997458245,0.6025534001147111,15.227149486796332,9.590149851148997,18.816633276113514,6.121692610065195,19.829669753816116,16.655322259020945,22.311064866516688,3.3116537712887766,4,COMPLETE
204,1000000.0,1000000.0,0.09959608295941787,1000000.0,0.03737049224464566,1000000.0,1000000.0,1000000.0,1000000.0,1000000.0,1000000.0,1000000.0,0.4139368708030748,1000000.0,1000000.0,1000000.0,2026-03-27 03:02:39.233265,2026-03-27 03:04:05.460072,0 days 00:01:26.226807,0.752463180980785,0.5091080418650433,0.10323523848729411,0.8856389215616685,0.23220619395567269,0.14255986340003865,0.21682645139293405,0.017141573306956547,18.085904761594914,16.7425492005099,9.889305996758797,14.017060394342668,22.015999700978195,15.04881858178218,17.090544948683856,16.510652747971903,4,COMPLETE
205,1000000.0,1000000.0,1000000.0,1000000.0,1000000.0,1000000.0,1000000.0,1000000.0,1000000.0,1000000.0,1000000.0,1000000.0,1000000.0,1000000.0,1000000.0,1000000.0,2026-03-27 03:04:05.473992,2026-03-27 03:05:30.721140,0 days 00:01:25.247148,0.35240084811599076,0.9273015659119106,0.07778357637945574,0.17524519330870458,0.8980082897770008,0.10581243804939185,0.8623907708698942,0.7527571531020829,23.111938556028942,6.1458685159809505,20.08659521899448,18.994967083817833,16.857542929250258,20.85698131090428,22.89695265693244,3.3116537712887766,4,COMPLETE
206,1000000.0,1000000.0,1000000.0,1000000.0,1000000.0,1000000.0,1000000.0,1000000.0,1000000.0,1000000.0,1000000.0,1000000.0,1000000.0,1000000.0,1000000.0,1000000.0,2026-03-27 03:05:30.731916,2026-03-27 03:05:57.951421,0 days 00:00:27.219505,0.6509170273504011,0.5091080418650433,0.6092300644170181,0.4832140125976777,0.8980082897770008,0.048458629742033944,0.20033392700372105,0.4817218215541737,23.111938556028942,2.4173006819534533,19.966731868198373,24.681859226106685,22.303177575201634,12.417889027941694,24.72180665255011,13.141610768161886,4,COMPLETE
207,1000000.0,1000000.0,0.008472497838865299,1000000.0,1000000.0,1000000.0,1000000.0,1000000.0,1000000.0,1000000.0,1000000.0,1000000.0,1000000.0,1000000.0,1000000.0,1000000.0,2026-03-27 03:05:57.962964,2026-03-27 03:07:23.541598,0 days 00:01:25.578634,0.38978130830083446,0.5091080418650433,0.3662873111936026,0.7632013471294642,0.8980082897770008,0.10581243804939185,0.21682645139293405,0.4339355034992965,23.111938556028942,0.855172357302774,2.2126883313440286,18.994967083817833,16.857542929250258,18.909458126219103,22.89695265693244,16.510652747971903,4,COMPLETE
208,1000000.0,1000000.0,1000000.0,1000000.0,1000000.0,1000000.0,1000000.0,1000000.0,1000000.0,1000000.0,1000000.0,1000000.0,1000000.0,1000000.0,1000000.0,1000000.0,2026-03-27 03:07:23.553681,2026-03-27 03:08:47.323063,0 days 00:01:23.769382,0.11456933604383283,0.9273015659119106,0.05010503907559631,0.17524519330870458,0.5338092349715855,0.29356622182872544,0.656491910978773,0.6025534001147111,15.227149486796332,1.0157921694747662,20.08659521899448,22.537739539553467,12.334743687165258,3.406480553043026,22.213467593212247,6.502701749861743,4,COMPLETE
209,1000000.0,1000000.0,1000000.0,1000000.0,1000000.0,1000000.0,1000000.0,1000000.0,1000000.0,1000000.0,1000000.0,1000000.0,1000000.0,1000000.0,1000000.0,1000000.0,2026-03-27 03:08:47.336397,2026-03-27 03:10:00.106647,0 days 00:01:12.770250,0.12087254597587063,0.1086233050185069,0.10750574440615002,0.8416402751726477,0.5338092349715855,0.29356622182872544,0.3961141338546061,0.7527571531020829,14.230930260381518,24.990135124033184,15.5187778870855,22.537739539553467,12.854731781064666,3.406480553043026,22.213467593212247,6.502701749861743,4,COMPLETE
210,1000000.0,1000000.0,0.015223971197861896,1000000.0,1000000.0,1000000.0,1000000.0,1000000.0,1000000.0,1000000.0,0.19898995583478532,1000000.0,1000000.0,1000000.0,1000000.0,1000000.0,2026-03-27 03:10:00.118186,2026-03-27 03:11:25.722672,0 days 00:01:25.604486,0.6509170273504011,0.940149660145769,0.6092300644170181,0.7632013471294642,0.8980082897770008,0.10581243804939185,0.21682645139293405,0.7527571531020829,15.227149486796332,0.855172357302774,19.966731868198373,18.994967083817833,16.857542929250258,12.417889027941694,22.89695265693244,13.141610768161886,4,COMPLETE
211,1000000.0,1000000.0,1000000.0,1000000.0,1000000.0,1000000.0,1000000.0,1000000.0,1000000.0,1000000.0,1000000.0,1000000.0,1000000.0,1000000.0,1000000.0,1000000.0,2026-03-27 03:11:25.733573,2026-03-27 03:11:46.363356,0 days 00:00:20.629783,0.6509170273504011,0.5091080418650433,0.42145547237186,0.7632013471294642,0.8980082897770008,0.10581243804939185,0.144510538136074,0.7527571531020829,14.336082236658784,12.669842888654136,19.966731868198373,8.497448359305542,8.232864379143397,12.417889027941694,12.05904741938356,13.141610768161886,4,COMPLETE
212,1000000.0,1000000.0,1000000.0,1000000.0,1000000.0,1000000.0,1000000.0,1000000.0,1000000.0,1000000.0,1000000.0,1000000.0,1000000.0,1000000.0,1000000.0,1000000.0,2026-03-27 03:11:46.374579,2026-03-27 03:12:59.308408,0 days 00:01:12.933829,0.35240084811599076,0.1086233050185069,0.10750574440615002,0.8609773266203685,0.4067309082100382,0.29356622182872544,0.7349425531099127,0.7170074831278959,8.50272290479326,4.192864576439151,4.0039634023227535,22.537739539553467,16.68449281141588,3.406480553043026,5.1082873364278,0.19401518139406712,4,COMPLETE
213,1000000.0,1000000.0,1000000.0,1000000.0,1000000.0,1000000.0,1000000.0,1000000.0,1000000.0,1000000.0,1000000.0,1000000.0,1000000.0,1000000.0,1000000.0,1000000.0,2026-03-27 03:12:59.319311,2026-03-27 03:13:19.935899,0 days 00:00:20.616588,0.2690657300012693,0.43320563488083824,0.07778357637945574,0.8609773266203685,0.5338092349715855,0.048458629742033944,0.19044965499921127,0.5317284110038133,3.116420449198988,11.74965743647482,2.3618699632612206,6.502807285793374,0.3297800798218504,10.291851207032375,10.070617088003614,6.502701749861743,4,COMPLETE
214,1000000.0,1000000.0,0.13417672599008043,0.2652047830970822,0.4891419862963429,1000000.0,1000000.0,1000000.0,1000000.0,1000000.0,1000000.0,1000000.0,1000000.0,1000000.0,1000000.0,1000000.0,2026-03-27 03:13:19.946433,2026-03-27 03:14:45.545651,0 days 00:01:25.599218,0.4858433328611808,0.9273015659119106,0.5828885655161072,0.8609773266203685,0.5794047513261499,0.29356622182872544,0.8623907708698942,0.2055036438426762,18.276755046775563,24.990135124033184,7.325954200026158,22.537739539553467,4.06858719167553,3.406480553043026,22.213467593212247,6.502701749861743,4,COMPLETE
215,1000000.0,1000000.0,1000000.0,1000000.0,1000000.0,1000000.0,1000000.0,1000000.0,1000000.0,1000000.0,1000000.0,1000000.0,1000000.0,1000000.0,1000000.0,1000000.0,2026-03-27 03:14:45.556325,2026-03-27 03:15:09.805588,0 days 00:00:24.249263,0.9695324378906215,0.49745594763292544,0.4450254565154679,0.9727002550802128,0.5794047513261499,0.10548093970678966,0.32098451946109324,0.6025534001147111,7.788130077029203,23.100499573987648,7.325954200026158,5.59487262501663,4.06858719167553,16.655322259020945,13.838777546638186,3.3116537712887766,4,COMPLETE
216,1000000.0,1000000.0,1000000.0,1000000.0,1000000.0,1000000.0,1000000.0,1000000.0,1000000.0,1000000.0,1000000.0,1000000.0,1000000.0,1000000.0,1000000.0,1000000.0,2026-03-27 03:15:09.818177,2026-03-27 03:15:30.545683,0 days 00:00:20.727506,0.35240084811599076,0.9273015659119106,0.8680225562421504,0.9727002550802128,0.5794047513261499,0.10548093970678966,0.8623907708698942,0.6025534001147111,7.788130077029203,13.419946948700135,14.480048592783074,6.502807285793374,4.06858719167553,9.968139857103258,11.411617145352238,3.3116537712887766,4,COMPLETE
217,1000000.0,1000000.0,0.06730363296031527,0.12600066452887312,0.1443822138142644,1000000.0,1000000.0,1000000.0,1000000.0,1000000.0,0.30577929778533125,1000000.0,1000000.0,1000000.0,1000000.0,1000000.0,2026-03-27 03:15:30.557127,2026-03-27 03:16:56.045963,0 days 00:01:25.488836,0.35240084811599076,0.1086233050185069,0.10750574440615002,0.17524519330870458,0.4067309082100382,0.048458629742033944,0.8623907708698942,0.6025534001147111,15.227149486796332,6.1458685159809505,20.08659521899448,6.502807285793374,7.72886205309009,19.393309437116567,20.845132564819007,0.19401518139406712,4,COMPLETE
218,1000000.0,1000000.0,1000000.0,1000000.0,1000000.0,1000000.0,1000000.0,1000000.0,1000000.0,1000000.0,1000000.0,1000000.0,1000000.0,1000000.0,1000000.0,1000000.0,2026-03-27 03:16:56.057628,2026-03-27 03:18:08.814495,0 days 00:01:12.756867,0.44292427257117456,0.1086233050185069,0.3662873111936026,0.17524519330870458,0.4067309082100382,0.048458629742033944,0.3961141338546061,0.7170074831278959,15.227149486796332,0.855172357302774,23.25034487729397,0.07036114281967513,7.72886205309009,19.393309437116567,22.89695265693244,3.3116537712887766,4,COMPLETE
