number,values_0,values_1,values_2,values_3,values_4,values_5,values_6,values_7,values_8,values_9,values_10,values_11,values_12,values_13,values_14,values_15,datetime_start,datetime_complete,duration,params_alpha_boreal_broadleaved_summergreen_tree,params_alpha_boreal_needleleaved_evergreen_tree,params_alpha_boreal_needleleaved_summergreen_tree,params_alpha_temperate_broadleaved_evergreen_tree,params_alpha_temperate_broadleaved_summergreen_tree,params_alpha_temperate_needleleaved_evergreen_tree,params_alpha_tropical_broadleaved_evergreen_tree,params_alpha_tropical_broadleaved_raingreen_tree,params_beta_boreal_broadleaved_summergreen_tree,params_beta_boreal_needleleaved_evergreen_tree,params_beta_boreal_needleleaved_summergreen_tree,params_beta_temperate_broadleaved_evergreen_tree,params_beta_temperate_broadleaved_summergreen_tree,params_beta_temperate_needleleaved_evergreen_tree,params_beta_tropical_broadleaved_evergreen_tree,params_beta_tropical_broadleaved_raingreen_tree,system_attrs_NSGAIISampler:generation,state
72,1000000.0,1000000.0,0.06260191504057071,0.16600909444772433,0.1643642947264558,1000000.0,1000000.0,1000000.0,1000000.0,1000000.0,0.30933620169365705,0.3525443510138102,1000000.0,1000000.0,1000000.0,1000000.0,2026-03-27 01:14:10.909578,2026-03-27 01:15:37.443102,0 days 00:01:26.533524,0.565192615172066,0.4837400366855389,0.43499190707255087,0.08402753439047576,0.37854297209115295,0.04447217856475382,0.144510538136074,0.3313953068683576,14.336082236658784,12.669842888654136,0.9699504017181515,8.497448359305542,8.232864379143397,18.21122745855342,12.05904741938356,23.317972821616813,1,COMPLETE
73,1000000.0,1000000.0,1000000.0,1000000.0,1000000.0,1000000.0,1000000.0,1000000.0,1000000.0,1000000.0,1000000.0,1000000.0,1000000.0,1000000.0,1000000.0,1000000.0,2026-03-27 01:15:37.453975,2026-03-27 01:16:30.125360,0 days 00:00:52.671385,0.7137358639501741,0.6955865732138418,0.3662873111936026,0.2566725885657661,0.23220619395567269,0.2513234317571546,0.41331799111235556,0.7544308697391566,7.285195647787277,1.2635970201995759,14.689240158964031,4.653992841863115,17.334880989001384,16.939016364817395,6.9124610151393275,16.751754090776785,1,COMPLETE
74,1000000.0,1000000.0,0.06330801825166935,0.09280105957661831,0.18893249170830073,1000000.0,1000000.0,1000000.0,1000000.0,1000000.0,0.3004504009182184,1000000.0,1000000.0,1000000.0,1000000.0,1000000.0,2026-03-27 01:16:30.136508,2026-03-27 01:17:55.387393,0 days 00:01:25.250885,0.35240084811599076,0.1086233050185069,0.10750574440615002,0.17524519330870458,0.4067309082100382,0.048458629742033944,0.3961141338546061,0.6025534001147111,15.227149486796332,0.855172357302774,15.5187778870855,11.414162968050556,12.854731781064666,18.909458126219103,22.89695265693244,21.958481437006622,1,COMPLETE
75,1000000.0,1000000.0,1000000.0,1000000.0,1000000.0,1000000.0,1000000.0,1000000.0,1000000.0,1000000.0,1000000.0,1000000.0,1000000.0,1000000.0,1000000.0,1000000.0,2026-03-27 01:17:55.398092,2026-03-27 01:18:16.294753,0 days 00:00:20.896661,0.33144811367175364,0.23305342959150716,0.5861548263126279,0.21994163404223782,0.6391979139663259,0.5815979658109312,0.6506669725224318,0.3331726869524934,11.494680084104543,0.414028935695718,1.139103095978324,7.168515289384185,3.8410257963476497,10.291851207032375,10.070617088003614,16.52425539397861,1,COMPLETE
76,1000000.0,1000000.0,0.20315207127430024,0.12322448705325945,0.13336293626944756,1000000.0,1000000.0,1000000.0,1000000.0,1000000.0,1000000.0,1000000.0,0.5581571312475536,1000000.0,1000000.0,1000000.0,2026-03-27 01:18:16.305997,2026-03-27 01:19:41.651378,0 days 00:01:25.345381,0.8533491829725948,0.3566939980798594,0.10323523848729411,0.4271970155431605,0.11939723932836556,0.6908369927643986,0.8414442611902317,0.021181156763885364,3.775604849713011,16.7425492005099,18.816633276113514,1.8736498279063647,24.06685693345404,18.073938319277147,14.482395734341585,22.559228898153115,1,COMPLETE
77,1000000.0,1000000.0,0.022491678181021397,1000000.0,0.13038368108611348,1000000.0,1000000.0,1000000.0,1000000.0,1000000.0,0.2191514902004534,1000000.0,1000000.0,1000000.0,1000000.0,1000000.0,2026-03-27 01:19:41.662525,2026-03-27 01:21:07.976087,0 days 00:01:26.313562,0.4405537352832356,0.49745594763292544,0.4450254565154679,0.816111763335584,0.6391979139663259,0.3782284438147583,0.32098451946109324,0.6213453057576726,11.494680084104543,0.3493038177202602,4.980956204901533,23.60052410920781,3.8410257963476497,0.02376839403534505,10.070617088003614,16.52425539397861,1,COMPLETE
78,1000000.0,1000000.0,1000000.0,1000000.0,1000000.0,1000000.0,1000000.0,1000000.0,1000000.0,1000000.0,1000000.0,1000000.0,1000000.0,1000000.0,1000000.0,1000000.0,2026-03-27 01:21:07.987319,2026-03-27 01:21:28.800129,0 days 00:00:20.812810,0.7860182504942855,0.6345949267579015,0.8676954711675072,0.3753801202217366,0.10136135427313518,0.8795027488443208,0.032510413831451875,0.7728498062923386,11.234969414455303,7.847605616659499,10.822526155811966,18.524637190035293,7.176328329437178,7.752630497886702,15.902457946369568,15.327798493292129,1,COMPLETE
79,1000000.0,1000000.0,1000000.0,1000000.0,1000000.0,1000000.0,1000000.0,1000000.0,1000000.0,1000000.0,1000000.0,1000000.0,1000000.0,1000000.0,1000000.0,1000000.0,2026-03-27 01:21:28.811374,2026-03-27 01:21:50.563698,0 days 00:00:21.752324,0.6148707107828746,0.01610190678372378,0.9367201016369655,0.9677180012133462,0.4179036932900533,0.4778687828749706,0.7313818201357051,0.9666505891971874,14.850249142493725,15.863837053013018,16.553536513589737,17.715868664850984,2.580052482346088,5.780183754761481,11.378064051070481,17.870390602417192,1,COMPLETE
80,1000000.0,1000000.0,1000000.0,1000000.0,1000000.0,1000000.0,1000000.0,1000000.0,1000000.0,1000000.0,1000000.0,1000000.0,1000000.0,1000000.0,1000000.0,1000000.0,2026-03-27 01:21:50.574507,2026-03-27 01:22:11.223684,0 days 00:00:20.649177,0.35240084811599076,0.9273015659119106,0.882183730943546,0.7375981525008506,0.4067309082100382,0.452606624199815,0.8623907708698942,0.7170074831278959,15.227149486796332,2.949095354013464,17.631522305689238,6.502807285793374,12.334743687165258,16.655322259020945,20.845132564819007,3.3116537712887766,1,COMPLETE
81,1000000.0,1000000.0,1000000.0,1000000.0,1000000.0,1000000.0,1000000.0,1000000.0,1000000.0,1000000.0,1000000.0,1000000.0,1000000.0,1000000.0,1000000.0,1000000.0,2026-03-27 01:22:11.234740,2026-03-27 01:23:04.866327,0 days 00:00:53.631587,0.3826649939883203,0.11861656837865918,0.02498668878531001,0.2566725885657661,0.2819299011055131,0.2513234317571546,0.3177005017844041,0.5469334758425033,7.875532329648775,1.6541316656841605,12.963974835933758,2.3353637194389654,8.522516124307407,16.939016364817395,7.9191426834640515,16.00068957826149,1,COMPLETE
82,1000000.0,1000000.0,1000000.0,1000000.0,1000000.0,1000000.0,1000000.0,1000000.0,1000000.0,1000000.0,1000000.0,1000000.0,1000000.0,1000000.0,1000000.0,1000000.0,2026-03-27 01:23:04.878353,2026-03-27 01:23:25.536734,0 days 00:00:20.658381,0.7051616155896335,0.9272160667979397,0.2397621396351131,0.15664979145970534,0.8980082897770008,0.5420164187831313,0.32098451946109324,0.20611706706154834,18.74726665785392,1.8977094178739848,7.369311408856651,23.60052410920781,21.022259543702653,10.703301123081017,21.28082878412841,6.489375630956955,1,COMPLETE
83,1000000.0,1000000.0,1000000.0,1000000.0,1000000.0,1000000.0,1000000.0,1000000.0,1000000.0,1000000.0,1000000.0,1000000.0,1000000.0,1000000.0,1000000.0,1000000.0,2026-03-27 01:23:25.547472,2026-03-27 01:23:52.849464,0 days 00:00:27.301992,0.04753726255755655,0.1086233050185069,0.10750574440615002,0.5738786029169363,0.8955881919886156,0.2436112707010957,0.3961141338546061,0.04545049667490552,11.14923541443984,12.879729148925401,15.5187778870855,11.414162968050556,18.01858417291893,0.7838323309727024,10.672713216910715,20.22362417878997,1,COMPLETE
84,1000000.0,1000000.0,1000000.0,1000000.0,1000000.0,1000000.0,1000000.0,1000000.0,1000000.0,1000000.0,1000000.0,1000000.0,1000000.0,1000000.0,1000000.0,1000000.0,2026-03-27 01:23:52.861259,2026-03-27 01:24:13.517424,0 days 00:00:20.656165,0.7137358639501741,0.6070523089966359,0.6062041487709989,0.6506844034990305,0.15856880696605774,0.3597330908936922,0.20203511366219515,0.7544308697391566,11.14923541443984,12.879729148925401,11.458931239824736,4.653992841863115,2.990641646611442,24.36897030459285,10.672713216910715,16.751754090776785,1,COMPLETE
85,1000000.0,1000000.0,1000000.0,1000000.0,1000000.0,1000000.0,1000000.0,1000000.0,1000000.0,1000000.0,1000000.0,1000000.0,1000000.0,1000000.0,1000000.0,1000000.0,2026-03-27 01:24:13.528641,2026-03-27 01:24:34.684675,0 days 00:00:21.156034,0.6148707107828746,0.01610190678372378,0.5523972890400762,0.7402609899542175,0.4179036932900533,0.31391071758953676,0.7313818201357051,0.033874358542718926,14.850249142493725,20.063735447958614,16.553536513589737,11.29053923235706,17.28809301060484,16.466975658919285,11.378064051070481,17.870390602417192,1,COMPLETE
86,1000000.0,1000000.0,1000000.0,1000000.0,1000000.0,1000000.0,1000000.0,1000000.0,1000000.0,1000000.0,1000000.0,1000000.0,1000000.0,1000000.0,1000000.0,1000000.0,2026-03-27 01:24:34.695513,2026-03-27 01:25:03.128425,0 days 00:00:28.432912,0.24962445058731159,0.6955865732138418,0.46149969293586307,0.22133239200559368,0.5657749616956459,0.3597330908936922,0.7335802997458245,0.7507365115803012,7.285195647787277,18.047218347345922,2.3618699632612206,4.653992841863115,2.990641646611442,15.04881858178218,22.657565218407278,23.56646172970979,1,COMPLETE
87,1000000.0,1000000.0,1000000.0,1000000.0,1000000.0,1000000.0,1000000.0,1000000.0,1000000.0,1000000.0,1000000.0,1000000.0,1000000.0,1000000.0,1000000.0,1000000.0,2026-03-27 01:25:03.139211,2026-03-27 01:25:30.496738,0 days 00:00:27.357527,0.8961499694026767,0.7647477678086976,0.06027143958050935,0.8568559693832425,0.5469777826823841,0.6908369927643986,0.4621476145003659,0.6482100404744026,3.775604849713011,16.7425492005099,18.816633276113514,1.8736498279063647,3.43229147486722,0.8005203795171522,19.963093516337192,1.462074627708076,1,COMPLETE
88,1000000.0,1000000.0,0.046900111772139284,0.2053317235055444,0.2212902611811311,1000000.0,1000000.0,1000000.0,1000000.0,1000000.0,1000000.0,1000000.0,1000000.0,1000000.0,1000000.0,1000000.0,2026-03-27 01:25:30.508934,2026-03-27 01:26:55.594107,0 days 00:01:25.085173,0.2636832641246321,0.3566939980798594,0.9367201016369655,0.9677180012133462,0.9836996465177444,0.6908369927643986,0.057383701993975356,0.021181156763885364,7.676441564236882,15.863837053013018,18.816633276113514,18.23153135378109,19.829669753816116,0.8005203795171522,11.182733589644135,13.08719121920797,1,COMPLETE
89,1000000.0,1000000.0,0.02374808320493468,0.5764174760698603,0.08765192461580597,1000000.0,1000000.0,1000000.0,1000000.0,1000000.0,1000000.0,1000000.0,0.4456322075516135,1000000.0,1000000.0,1000000.0,2026-03-27 01:26:55.604615,2026-03-27 01:28:20.943633,0 days 00:01:25.339018,0.752463180980785,0.9662106523213966,0.3662873111936026,0.6506844034990305,0.23220619395567269,0.11227705775593351,0.8396035566203823,0.4080051646084188,18.085904761594914,3.4394088561122644,9.889305996758797,22.229084301744958,2.990641646611442,15.04881858178218,17.090544948683856,16.751754090776785,1,COMPLETE
90,1000000.0,1000000.0,1000000.0,1000000.0,1000000.0,1000000.0,1000000.0,1000000.0,1000000.0,1000000.0,1000000.0,1000000.0,1000000.0,1000000.0,1000000.0,1000000.0,2026-03-27 01:28:20.954935,2026-03-27 01:29:13.869097,0 days 00:00:52.914162,0.565192615172066,0.7648196674055326,0.43499190707255087,0.08402753439047576,0.030651893850245755,0.24006653789828236,0.4585549709583348,0.3313953068683576,21.036219186718668,12.669842888654136,3.7719854406257856,19.418678437539846,6.41674312364978,22.297217760668016,12.05904741938356,23.317972821616813,1,COMPLETE
91,1000000.0,1000000.0,1000000.0,1000000.0,1000000.0,1000000.0,1000000.0,1000000.0,1000000.0,1000000.0,1000000.0,1000000.0,1000000.0,1000000.0,1000000.0,1000000.0,2026-03-27 01:29:13.880717,2026-03-27 01:29:38.046894,0 days 00:00:24.166177,0.09098320108207647,0.21445185918398804,0.5884798472427328,0.8902314098550518,0.6842311301540481,0.22430443153685764,0.5462105606194189,0.3657609548874256,8.740011196330348,23.53059000522425,24.313381698499146,2.799024448280032,16.0045720178543,20.59242920343388,7.238700854011784,3.5010109128702473,1,COMPLETE
92,1000000.0,1000000.0,1000000.0,1000000.0,1000000.0,1000000.0,1000000.0,1000000.0,1000000.0,1000000.0,1000000.0,1000000.0,1000000.0,1000000.0,1000000.0,1000000.0,2026-03-27 01:29:38.058359,2026-03-27 01:29:58.700036,0 days 00:00:20.641677,0.4405537352832356,0.49745594763292544,0.3662873111936026,0.816111763335584,0.6391979139663259,0.3597330908936922,0.5406488626790934,0.7544308697391566,7.285195647787277,11.74965743647482,4.980956204901533,4.653992841863115,2.990641646611442,15.04881858178218,10.070617088003614,16.52425539397861,1,COMPLETE
93,1000000.0,1000000.0,1000000.0,1000000.0,1000000.0,1000000.0,1000000.0,1000000.0,1000000.0,1000000.0,1000000.0,1000000.0,1000000.0,1000000.0,1000000.0,1000000.0,2026-03-27 01:29:58.713051,2026-03-27 01:30:22.497728,0 days 00:00:23.784677,0.8961499694026767,0.5091080418650433,0.7440447073825482,0.8856389215616685,0.48632324618104844,0.6908369927643986,0.21682645139293405,0.8066464548589748,23.111938556028942,16.7425492005099,11.44568782637328,1.8736498279063647,7.074074042638276,20.85698131090428,21.98155771774661,1.462074627708076,1,COMPLETE
94,1000000.0,1000000.0,1000000.0,1000000.0,1000000.0,1000000.0,1000000.0,1000000.0,1000000.0,1000000.0,1000000.0,1000000.0,1000000.0,1000000.0,1000000.0,1000000.0,2026-03-27 01:30:22.509925,2026-03-27 01:30:43.052983,0 days 00:00:20.543058,0.565192615172066,0.7648196674055326,0.5828885655161072,0.8609773266203685,0.5338092349715855,0.8793663081309727,0.7349425531099127,0.2055036438426762,18.276755046775563,12.669842888654136,4.0039634023227535,22.537739539553467,6.41674312364978,22.297217760668016,22.213467593212247,23.317972821616813,1,COMPLETE
95,1000000.0,1000000.0,1000000.0,1000000.0,1000000.0,1000000.0,1000000.0,1000000.0,1000000.0,1000000.0,1000000.0,1000000.0,1000000.0,1000000.0,1000000.0,1000000.0,2026-03-27 01:30:43.063731,2026-03-27 01:31:04.105332,0 days 00:00:21.041601,0.6717872581569841,0.7593183278959428,0.8932774106436884,0.24521070349576607,0.5658949552372932,0.6250489790033037,0.8362910410497313,0.3657609548874256,5.282976364793013,10.143634771544889,4.793407813770618,19.589212326702693,16.22795128438855,20.59242920343388,8.368582577520085,3.1106220746933873,1,COMPLETE
96,1000000.0,1000000.0,1000000.0,1000000.0,1000000.0,1000000.0,1000000.0,1000000.0,1000000.0,1000000.0,1000000.0,1000000.0,1000000.0,1000000.0,1000000.0,1000000.0,2026-03-27 01:31:04.116696,2026-03-27 01:31:25.032305,0 days 00:00:20.915609,0.8841770346287059,0.25431923950491614,0.10750574440615002,0.8416402751726477,0.8955881919886156,0.10581243804939185,0.5867131967884194,0.7527571531020829,24.734922119797506,0.855172357302774,15.5187778870855,5.72144551243694,19.94808028353999,18.909458126219103,1.500483276003229,21.958481437006622,1,COMPLETE
97,1000000.0,1000000.0,0.07543583877022246,0.13446831588527597,0.13609501072901997,1000000.0,1000000.0,1000000.0,1000000.0,1000000.0,0.30771115254273,1000000.0,1000000.0,1000000.0,1000000.0,1000000.0,2026-03-27 01:31:25.043734,2026-03-27 01:32:50.650468,0 days 00:01:25.606734,0.35240084811599076,0.6955865732138418,0.3662873111936026,0.17524519330870458,0.4067309082100382,0.048458629742033944,0.8396035566203823,0.6025534001147111,15.227149486796332,1.2400390863102138,23.25034487729397,4.653992841863115,2.990641646611442,16.655322259020945,22.657565218407278,3.3116537712887766,1,COMPLETE
98,1000000.0,1000000.0,1000000.0,1000000.0,1000000.0,1000000.0,1000000.0,1000000.0,1000000.0,1000000.0,1000000.0,1000000.0,1000000.0,1000000.0,1000000.0,1000000.0,2026-03-27 01:32:50.660927,2026-03-27 01:33:18.090138,0 days 00:00:27.429211,0.2690657300012693,0.6522668844267079,0.46149969293586307,0.34021525922362744,0.7921385296514003,0.14255986340003865,0.3523662701747478,0.4803291126620029,0.19767544823482855,18.047218347345922,9.175494927152666,15.107323424219128,22.015999700978195,6.965753393167479,5.271104008102445,23.56646172970979,1,COMPLETE
99,1000000.0,1000000.0,1000000.0,1000000.0,1000000.0,1000000.0,1000000.0,1000000.0,1000000.0,1000000.0,1000000.0,1000000.0,1000000.0,1000000.0,1000000.0,1000000.0,2026-03-27 01:33:18.100782,2026-03-27 01:33:38.755356,0 days 00:00:20.654574,0.163429111469077,0.5091080418650433,0.6654342142928955,0.8856389215616685,0.48632324618104844,0.9039532512798942,0.21682645139293405,0.15650117897670857,10.734461911541036,17.059411890345444,8.052495650013437,18.994967083817833,16.857542929250258,20.85698131090428,20.142130897666952,16.510652747971903,1,COMPLETE
100,1000000.0,1000000.0,1000000.0,1000000.0,1000000.0,1000000.0,1000000.0,1000000.0,1000000.0,1000000.0,1000000.0,1000000.0,1000000.0,1000000.0,1000000.0,1000000.0,2026-03-27 01:33:38.767126,2026-03-27 01:34:09.512779,0 days 00:00:30.745653,0.19434276690089075,0.9561505435713732,0.882073862033187,0.10490483734021938,0.49925951439255534,0.363415300139621,0.11013753367690134,0.5317284110038133,3.116420449198988,4.206821797106995,3.340282338905268,2.3996853794289623,0.3361337148508669,22.243207460551538,3.0539515306745133,6.567209266894421,2,COMPLETE
101,1000000.0,1000000.0,0.0473827114666458,1000000.0,0.22078599629325887,1000000.0,1000000.0,1000000.0,1000000.0,1000000.0,0.2897286727052498,1000000.0,1000000.0,1000000.0,1000000.0,1000000.0,2026-03-27 01:34:09.523758,2026-03-27 01:35:35.158325,0 days 00:01:25.634567,0.6509170273504011,0.8146973832283123,0.6092300644170181,0.76274127293352,0.4067309082100382,0.048458629742033944,0.20033392700372105,0.4817218215541737,15.227149486796332,2.4173006819534533,19.966731868198373,24.681859226106685,22.303177575201634,12.417889027941694,24.72180665255011,13.141610768161886,2,COMPLETE
102,1000000.0,1000000.0,1000000.0,1000000.0,1000000.0,1000000.0,1000000.0,1000000.0,1000000.0,1000000.0,1000000.0,1000000.0,1000000.0,1000000.0,1000000.0,1000000.0,2026-03-27 01:35:35.168988,2026-03-27 01:35:56.093908,0 days 00:00:20.924920,0.4405537352832356,0.49745594763292544,0.3689339098072169,0.816111763335584,0.8461484217394958,0.3782284438147583,0.08220625842171149,0.5012264871714414,11.494680084104543,9.55207551079376,1.1938183704761207,23.60052410920781,3.8410257963476497,14.655599565374503,0.9286377075552279,16.52425539397861,2,COMPLETE
103,1000000.0,1000000.0,1000000.0,1000000.0,1000000.0,1000000.0,1000000.0,1000000.0,1000000.0,1000000.0,1000000.0,1000000.0,1000000.0,1000000.0,1000000.0,1000000.0,2026-03-27 01:35:56.104777,2026-03-27 01:36:16.757076,0 days 00:00:20.652299,0.4405537352832356,0.9564498178024946,0.4450254565154679,0.8416402751726477,0.6391979139663259,0.3782284438147583,0.3961141338546061,0.6213453057576726,14.230930260381518,0.855172357302774,4.980956204901533,23.60052410920781,12.854731781064666,18.909458126219103,10.070617088003614,16.52425539397861,2,COMPLETE
104,1000000.0,1000000.0,1000000.0,1000000.0,1000000.0,1000000.0,1000000.0,1000000.0,1000000.0,1000000.0,1000000.0,1000000.0,1000000.0,1000000.0,1000000.0,1000000.0,2026-03-27 01:36:16.769359,2026-03-27 01:36:37.468409,0 days 00:00:20.699050,0.4405537352832356,0.49745594763292544,0.5861548263126279,0.816111763335584,0.6391979139663259,0.3782284438147583,0.5406488626790934,0.6213453057576726,11.494680084104543,11.74965743647482,4.980956204901533,7.168515289384185,3.8410257963476497,10.291851207032375,10.070617088003614,16.52425539397861,2,COMPLETE
105,1000000.0,1000000.0,1000000.0,1000000.0,1000000.0,1000000.0,1000000.0,1000000.0,1000000.0,1000000.0,1000000.0,1000000.0,1000000.0,1000000.0,1000000.0,1000000.0,2026-03-27 01:36:37.480675,2026-03-27 01:37:04.943426,0 days 00:00:27.462751,0.8220233683036078,0.7246127089853907,0.5884798472427328,0.05231672039625198,0.8562013515991745,0.7040830768589377,0.7328033365674884,0.7070561849648365,0.3112439355599486,2.264788843450092,24.313381698499146,10.404320146919906,6.620837885540093,2.2552651691150567,8.164248422690822,3.5010109128702473,2,COMPLETE
106,1000000.0,1000000.0,1000000.0,1000000.0,1000000.0,1000000.0,1000000.0,1000000.0,1000000.0,1000000.0,1000000.0,1000000.0,1000000.0,1000000.0,1000000.0,1000000.0,2026-03-27 01:37:04.954129,2026-03-27 01:37:25.602837,0 days 00:00:20.648708,0.44292427257117456,0.7090464386798232,0.8676954711675072,0.7375981525008506,0.10136135427313518,0.452606624199815,0.032510413831451875,0.7170074831278959,19.372820355855506,2.949095354013464,16.47243522439157,18.524637190035293,7.176328329437178,16.65560120812858,5.1082873364278,13.544768991499783,2,COMPLETE
107,1000000.0,1000000.0,1000000.0,1000000.0,1000000.0,1000000.0,1000000.0,1000000.0,1000000.0,1000000.0,1000000.0,1000000.0,1000000.0,1000000.0,1000000.0,1000000.0,2026-03-27 01:37:25.613862,2026-03-27 01:37:52.848195,0 days 00:00:27.234333,0.9053520317661204,0.3592446467592388,0.10750574440615002,0.8609773266203685,0.8980082897770008,0.29356622182872544,0.3961141338546061,0.7527571531020829,18.276755046775563,8.593562503907727,18.55701577014933,22.537739539553467,0.3297800798218504,10.703301123081017,22.213467593212247,0.599153944270326,2,COMPLETE
108,1000000.0,1000000.0,1000000.0,1000000.0,1000000.0,1000000.0,1000000.0,1000000.0,1000000.0,1000000.0,1000000.0,1000000.0,1000000.0,1000000.0,1000000.0,1000000.0,2026-03-27 01:37:52.859474,2026-03-27 01:38:17.099206,0 days 00:00:24.239732,0.752463180980785,0.9662106523213966,0.6468143041148995,0.5738786029169363,0.23220619395567269,0.2436112707010957,0.8396035566203823,0.4080051646084188,18.085904761594914,3.4394088561122644,9.889305996758797,22.229084301744958,2.990641646611442,24.36897030459285,10.672713216910715,16.751754090776785,2,COMPLETE
