number,values_0,values_1,values_2,values_3,values_4,values_5,values_6,values_7,values_8,values_9,values_10,values_11,values_12,values_13,values_14,values_15,datetime_start,datetime_complete,duration,params_alpha_boreal_broadleaved_summergreen_tree,params_alpha_boreal_needleleaved_evergreen_tree,params_alpha_boreal_needleleaved_summergreen_tree,params_alpha_temperate_broadleaved_evergreen_tree,params_alpha_temperate_broadleaved_summergreen_tree,params_alpha_temperate_needleleaved_evergreen_tree,params_alpha_tropical_broadleaved_evergreen_tree,params_alpha_tropical_broadleaved_raingreen_tree,params_beta_boreal_broadleaved_summergreen_tree,params_beta_boreal_needleleaved_evergreen_tree,params_beta_boreal_needleleaved_summergreen_tree,params_beta_temperate_broadleaved_evergreen_tree,params_beta_temperate_broadleaved_summergreen_tree,params_beta_temperate_needleleaved_evergreen_tree,params_beta_tropical_broadleaved_evergreen_tree,params_beta_tropical_broadleaved_raingreen_tree,system_attrs_NSGAIISampler:generation,state
363,1000000.0,1000000.0,1000000.0,0.12444857346935621,0.07849122947297463,1000000.0,1000000.0,1000000.0,1000000.0,1000000.0,1000000.0,1000000.0,1000000.0,1000000.0,1000000.0,1000000.0,2026-03-27 05:54:46.085759,2026-03-27 05:56:11.461017,0 days 00:01:25.375258,0.04753726255755655,0.4734016816737326,0.3662873111936026,0.17524519330870458,0.4067309082100382,0.8820301922020268,0.7335802997458245,0.6213453057576726,15.227149486796332,6.1458685159809505,23.25034487729397,6.502807285793374,2.990641646611442,16.655322259020945,20.845132564819007,3.3116537712887766,7,COMPLETE
364,1000000.0,1000000.0,0.06108432138730761,0.16892532824569842,0.3352488641742194,1000000.0,1000000.0,1000000.0,1000000.0,1000000.0,0.30931451633478907,0.35312986239829547,1000000.0,1000000.0,1000000.0,1000000.0,2026-03-27 05:56:11.472020,2026-03-27 05:57:37.831912,0 days 00:01:26.359892,0.11456933604383283,0.4589911614231615,0.5680831479575064,0.08402753439047576,0.5338092349715855,0.04447217856475382,0.656491910978773,0.3313953068683576,14.336082236658784,24.990135124033184,4.0039634023227535,22.537739539553467,4.492673249206467,3.406480553043026,22.213467593212247,23.317972821616813,7,COMPLETE
365,1000000.0,1000000.0,0.06541041273781464,0.15981788817018527,0.04979856368257688,1000000.0,1000000.0,1000000.0,1000000.0,1000000.0,0.3093579199641651,0.35183226368832543,0.49888648286368154,1000000.0,1000000.0,1000000.0,2026-03-27 05:57:37.843229,2026-03-27 05:59:04.071826,0 days 00:01:26.228597,0.752463180980785,0.9662106523213966,0.3662873111936026,0.08402753439047576,0.23220619395567269,0.04447217856475382,0.8396035566203823,0.4080051646084188,14.800605389035345,3.4394088561122644,9.889305996758797,22.229084301744958,2.990641646611442,18.412067126677332,17.090544948683856,16.751754090776785,7,COMPLETE
366,1000000.0,1000000.0,1000000.0,1000000.0,1000000.0,1000000.0,1000000.0,1000000.0,1000000.0,1000000.0,1000000.0,1000000.0,1000000.0,1000000.0,1000000.0,1000000.0,2026-03-27 05:59:04.083202,2026-03-27 06:00:28.223658,0 days 00:01:24.140456,0.12087254597587063,0.5091080418650433,0.882073862033187,0.8609773266203685,0.8980082897770008,0.17994942718738266,0.21682645139293405,0.7527571531020829,3.116420449198988,4.206821797106995,4.0039634023227535,22.537739539553467,16.857542929250258,12.417889027941694,22.89695265693244,6.502701749861743,7,COMPLETE
367,1000000.0,1000000.0,0.02255261337631753,1000000.0,0.14742271897611045,1000000.0,1000000.0,1000000.0,1000000.0,1000000.0,0.21995693558029697,1000000.0,1000000.0,1000000.0,1000000.0,1000000.0,2026-03-27 06:00:28.234786,2026-03-27 06:01:53.968181,0 days 00:01:25.733395,0.4405537352832356,0.04863517631041256,0.9718128564602398,0.9802401008067853,0.6448191628896351,0.3782284438147583,0.36920948114530955,0.45679019582675656,11.494680084104543,0.3493038177202602,7.325954200026158,23.60052410920781,4.06858719167553,0.02376839403534505,7.471310740278318,16.52425539397861,7,COMPLETE
368,1000000.0,1000000.0,1000000.0,0.1269030444682478,0.10010229716979412,1000000.0,1000000.0,1000000.0,1000000.0,1000000.0,1000000.0,1000000.0,0.4854597595110227,1000000.0,1000000.0,1000000.0,2026-03-27 06:01:53.980692,2026-03-27 06:03:19.734038,0 days 00:01:25.753346,0.8533491829725948,0.6523769636822712,0.46149969293586307,0.4271970155431605,0.2613958420681749,0.916423487548272,0.8414442611902317,0.3313953068683576,15.227149486796332,5.525152231868991,18.816633276113514,1.8736498279063647,4.492673249206467,7.006334444527836,13.638774042250393,1.4298346318364445,7,COMPLETE
369,1000000.0,1000000.0,1000000.0,1000000.0,1000000.0,1000000.0,1000000.0,1000000.0,1000000.0,1000000.0,1000000.0,1000000.0,1000000.0,1000000.0,1000000.0,1000000.0,2026-03-27 06:03:19.745231,2026-03-27 06:04:12.562511,0 days 00:00:52.817280,0.12087254597587063,0.5091080418650433,0.22556619811117898,0.17524519330870458,0.2613958420681749,0.30540996052141683,0.8002426776394009,0.6025534001147111,18.276755046775563,16.7425492005099,14.003064982436616,22.537739539553467,7.72886205309009,6.79239198615362,22.213467593212247,0.19401518139406712,7,COMPLETE
370,1000000.0,1000000.0,0.11989227495675724,1000000.0,0.040910334155377655,1000000.0,1000000.0,1000000.0,1000000.0,1000000.0,1000000.0,1000000.0,0.5260006079518581,1000000.0,1000000.0,1000000.0,2026-03-27 06:04:12.573112,2026-03-27 06:05:38.342429,0 days 00:01:25.769317,0.19434276690089075,0.3308930906123468,0.7440447073825482,0.8856389215616685,0.1636985569221783,0.14255986340003865,0.11013753367690134,0.017141573306956547,23.111938556028942,4.192864576439151,4.755849281974349,15.719576166994049,22.015999700978195,20.85698131090428,20.142130897666952,16.510652747971903,7,COMPLETE
371,1000000.0,1000000.0,0.016678399975844988,1000000.0,1000000.0,1000000.0,1000000.0,1000000.0,1000000.0,1000000.0,0.19892566510107684,1000000.0,1000000.0,1000000.0,1000000.0,1000000.0,2026-03-27 06:05:38.354667,2026-03-27 06:07:04.522895,0 days 00:01:26.168228,0.6509170273504011,0.5091080418650433,0.10323523848729411,0.8856389215616685,0.8980082897770008,0.10548093970678966,0.21682645139293405,0.2055036438426762,18.085904761594914,16.7425492005099,19.966731868198373,14.017060394342668,22.015999700978195,12.417889027941694,17.090544948683856,16.510652747971903,7,COMPLETE
372,1000000.0,1000000.0,1000000.0,1000000.0,1000000.0,1000000.0,1000000.0,1000000.0,1000000.0,1000000.0,1000000.0,1000000.0,1000000.0,1000000.0,1000000.0,1000000.0,2026-03-27 06:07:04.533862,2026-03-27 06:07:57.386858,0 days 00:00:52.852996,0.2636832641246321,0.9539385218506246,0.4450254565154679,0.7736109557469404,0.2613958420681749,0.6403832791700316,0.8002426776394009,0.6213453057576726,11.494680084104543,24.990135124033184,7.325954200026158,22.537739539553467,11.67831276546445,0.8005203795171522,10.070617088003614,15.327798493292129,7,COMPLETE
373,1000000.0,1000000.0,0.06636735194373007,0.15742612724022187,1000000.0,1000000.0,1000000.0,1000000.0,1000000.0,1000000.0,0.2914950093032706,0.3242468510507654,1000000.0,1000000.0,1000000.0,1000000.0,2026-03-27 06:07:57.398213,2026-03-27 06:09:23.124434,0 days 00:01:25.726221,0.19434276690089075,0.2267353245055709,0.6092300644170181,0.10490483734021938,0.8980082897770008,0.10581243804939185,0.11013753367690134,0.5317284110038133,23.053890124600418,0.855172357302774,24.735292958601956,18.994967083817833,16.50692708412729,3.406480553043026,22.89695265693244,13.141610768161886,7,COMPLETE
374,1000000.0,1000000.0,0.02003546815645036,1000000.0,0.0765237997009057,1000000.0,1000000.0,1000000.0,1000000.0,1000000.0,0.19761288633518134,1000000.0,1000000.0,1000000.0,1000000.0,1000000.0,2026-03-27 06:09:23.135396,2026-03-27 06:10:48.887885,0 days 00:01:25.752489,0.04753726255755655,0.3592446467592388,0.6494471808280816,0.7736109557469404,0.2613958420681749,0.10581243804939185,0.8002426776394009,0.6213453057576726,0.19767544823482855,0.855172357302774,14.003064982436616,11.414162968050556,15.577168048946557,10.711564785139362,22.213467593212247,15.380899790546678,7,COMPLETE
375,1000000.0,1000000.0,0.05367248130970326,0.17354843155947314,0.2320350862090779,1000000.0,1000000.0,1000000.0,1000000.0,1000000.0,0.3079180775800623,0.35380214617843037,1000000.0,1000000.0,1000000.0,1000000.0,2026-03-27 06:10:48.899584,2026-03-27 06:12:14.393185,0 days 00:01:25.493601,0.565192615172066,0.9273015659119106,0.3345124105779843,0.08402753439047576,0.4275669210810305,0.048458629742033944,0.8623907708698942,0.3313953068683576,15.227149486796332,6.1458685159809505,20.08659521899448,8.497448359305542,8.232864379143397,18.21122745855342,16.39409714766326,23.317972821616813,7,COMPLETE
376,1000000.0,1000000.0,1000000.0,1000000.0,1000000.0,1000000.0,1000000.0,1000000.0,1000000.0,1000000.0,1000000.0,1000000.0,1000000.0,1000000.0,1000000.0,1000000.0,2026-03-27 06:12:14.403968,2026-03-27 06:12:41.776103,0 days 00:00:27.372135,0.7756047875436489,0.9273015659119106,0.6494471808280816,0.7736109557469404,0.8955881919886156,0.048458629742033944,0.8623907708698942,0.2055036438426762,18.276755046775563,24.990135124033184,14.003064982436616,3.753301699544548,2.3808740092132887,3.406480553043026,16.39409714766326,9.153801444334722,7,COMPLETE
377,1000000.0,1000000.0,1000000.0,1000000.0,1000000.0,1000000.0,1000000.0,1000000.0,1000000.0,1000000.0,1000000.0,1000000.0,1000000.0,1000000.0,1000000.0,1000000.0,2026-03-27 06:12:41.787877,2026-03-27 06:13:03.540747,0 days 00:00:21.752870,0.7990507556317827,0.04863517631041256,0.882073862033187,0.9802401008067853,0.6448191628896351,0.29356622182872544,0.3564822771652863,0.45679019582675656,17.668334938464362,4.192864576439151,7.325954200026158,23.10618075923542,0.3297800798218504,19.336553685076222,7.471310740278318,6.502701749861743,7,COMPLETE
378,1000000.0,1000000.0,0.05849688195308041,0.17054800610231038,0.16401866548001778,1000000.0,1000000.0,1000000.0,1000000.0,1000000.0,1000000.0,0.35745653324535875,1000000.0,1000000.0,1000000.0,1000000.0,2026-03-27 06:13:03.551944,2026-03-27 06:14:28.971713,0 days 00:01:25.419769,0.3826649939883203,0.11861656837865918,0.4450254565154679,0.08402753439047576,0.38123091507916124,0.10548093970678966,0.144510538136074,0.3313953068683576,14.336082236658784,13.419946948700135,0.9699504017181515,8.497448359305542,22.19150472819343,18.21122745855342,12.05904741938356,16.52425539397861,7,COMPLETE
379,1000000.0,1000000.0,0.02272262706262874,0.04191742329848574,0.04798310333390871,1000000.0,1000000.0,1000000.0,1000000.0,1000000.0,0.2726527951764648,1000000.0,1000000.0,1000000.0,1000000.0,1000000.0,2026-03-27 06:14:28.984442,2026-03-27 06:15:54.530098,0 days 00:01:25.545656,0.8533491829725948,0.3592446467592388,0.10323523848729411,0.4271970155431605,0.2613958420681749,0.10581243804939185,0.21682645139293405,0.7527571531020829,15.227149486796332,16.7425492005099,4.0039634023227535,1.8736498279063647,13.872765173409892,0.8005203795171522,14.482395734341585,15.380899790546678,7,COMPLETE
380,1000000.0,1000000.0,0.056067731209305194,0.1792994777967494,1000000.0,1000000.0,1000000.0,1000000.0,1000000.0,1000000.0,0.3075722233921413,0.35326944179960545,1000000.0,1000000.0,1000000.0,1000000.0,2026-03-27 06:15:54.541851,2026-03-27 06:17:20.419691,0 days 00:01:25.877840,0.565192615172066,0.9273015659119106,0.3345124105779843,0.08402753439047576,0.8955881919886156,0.048458629742033944,0.8623907708698942,0.3313953068683576,15.227149486796332,6.1458685159809505,14.820970368827199,8.497448359305542,8.232864379143397,18.21122745855342,16.39409714766326,9.153801444334722,7,COMPLETE
381,1000000.0,1000000.0,0.07895736520131794,0.1520060000259075,0.31395264680634716,1000000.0,1000000.0,1000000.0,1000000.0,1000000.0,1000000.0,1000000.0,1000000.0,1000000.0,1000000.0,1000000.0,2026-03-27 06:17:20.430282,2026-03-27 06:18:45.903602,0 days 00:01:25.473320,0.9695324378906215,0.6955865732138418,0.3662873111936026,0.17524519330870458,0.6448191628896351,0.10548093970678966,0.36920948114530955,0.6025534001147111,15.227149486796332,1.2400390863102138,7.325954200026158,4.653992841863115,2.990641646611442,19.336553685076222,12.35270758779745,3.0572742421388828,7,COMPLETE
382,1000000.0,1000000.0,0.055331777354677106,0.17163246640621788,0.09874432642820746,1000000.0,1000000.0,1000000.0,1000000.0,1000000.0,0.3098459108903137,0.3548218307870056,0.4368906603930623,1000000.0,1000000.0,1000000.0,2026-03-27 06:18:45.914290,2026-03-27 06:20:11.221501,0 days 00:01:25.307211,0.565192615172066,0.5091080418650433,0.43499190707255087,0.08402753439047576,0.23220619395567269,0.048458629742033944,0.144510538136074,0.3313953068683576,14.336082236658784,12.669842888654136,9.889305996758797,14.017060394342668,22.015999700978195,5.017799374338482,12.05904741938356,0.19401518139406712,7,COMPLETE
383,1000000.0,1000000.0,0.02328680347526522,0.5753954324505931,0.07265633145010883,1000000.0,1000000.0,1000000.0,1000000.0,1000000.0,1000000.0,1000000.0,0.38773213217563335,1000000.0,1000000.0,1000000.0,2026-03-27 06:20:11.232057,2026-03-27 06:21:37.156085,0 days 00:01:25.924028,0.752463180980785,0.9662106523213966,0.3662873111936026,0.6506844034990305,0.25763378986772073,0.11227705775593351,0.8396035566203823,0.4080051646084188,18.085904761594914,3.4394088561122644,9.889305996758797,22.229084301744958,2.990641646611442,15.04881858178218,17.090544948683856,16.751754090776785,7,COMPLETE
384,1000000.0,1000000.0,0.007168613470403505,1000000.0,0.06055730385929816,1000000.0,1000000.0,1000000.0,1000000.0,1000000.0,1000000.0,1000000.0,0.3796675860020544,1000000.0,1000000.0,1000000.0,2026-03-27 06:21:37.167645,2026-03-27 06:23:03.125287,0 days 00:01:25.957642,0.9695324378906215,0.04863517631041256,0.09673007434862858,0.9802401008067853,0.2613958420681749,0.10548093970678966,0.656491910978773,0.3313953068683576,15.227149486796332,13.419946948700135,7.325954200026158,23.10618075923542,4.06858719167553,16.671954034427014,22.213467593212247,3.0572742421388828,7,COMPLETE
385,1000000.0,1000000.0,0.04713020114749396,1000000.0,0.02954478187032487,1000000.0,1000000.0,1000000.0,1000000.0,1000000.0,0.2846556815199882,1000000.0,1000000.0,1000000.0,1000000.0,1000000.0,2026-03-27 06:23:03.136082,2026-03-27 06:24:28.423001,0 days 00:01:25.286919,0.4858433328611808,0.3592446467592388,0.6494471808280816,0.7736109557469404,0.2613958420681749,0.07393182880556347,0.8002426776394009,0.6025534001147111,7.788130077029203,0.855172357302774,1.0406327391692842,22.537739539553467,19.829669753816116,16.655322259020945,22.213467593212247,7.660977282828712,7,COMPLETE
386,1000000.0,1000000.0,0.06344519929540438,0.15984199504328617,0.07718417579242182,1000000.0,1000000.0,1000000.0,1000000.0,1000000.0,0.2925039645970904,0.3372835035011941,1000000.0,1000000.0,1000000.0,1000000.0,2026-03-27 06:24:28.433679,2026-03-27 06:25:54.378438,0 days 00:01:25.944759,0.19434276690089075,0.04863517631041256,0.09673007434862858,0.10490483734021938,0.6448191628896351,0.10548093970678966,0.11013753367690134,0.45679019582675656,17.668334938464362,4.192864576439151,7.325954200026158,5.513291425202985,0.3297800798218504,3.406480553043026,7.471310740278318,6.502701749861743,7,COMPLETE
387,1000000.0,1000000.0,0.03233319758298854,1000000.0,0.06155822237769738,1000000.0,1000000.0,1000000.0,1000000.0,1000000.0,0.20828147069625025,1000000.0,0.3941034764673458,1000000.0,1000000.0,1000000.0,2026-03-27 06:25:54.388996,2026-03-27 06:27:20.122198,0 days 00:01:25.733202,0.10469953715964221,0.07051941277168566,0.09673007434862858,0.9802401008067853,0.2613958420681749,0.10548093970678966,0.8623907708698942,0.45679019582675656,18.276755046775563,5.303501942283226,7.325954200026158,22.537739539553467,4.06858719167553,7.743629492631297,7.471310740278318,11.664837089442198,7,COMPLETE
388,1000000.0,1000000.0,0.07758795026409995,0.12836647886496624,0.19254004993078505,1000000.0,1000000.0,1000000.0,1000000.0,1000000.0,0.30601946321798357,1000000.0,1000000.0,1000000.0,1000000.0,1000000.0,2026-03-27 06:27:20.133149,2026-03-27 06:28:45.639549,0 days 00:01:25.506400,0.752463180980785,0.6955865732138418,0.10750574440615002,0.17524519330870458,0.4067309082100382,0.048458629742033944,0.8396035566203823,0.35260253500832944,12.53903813805493,1.2400390863102138,23.25034487729397,4.653992841863115,16.546564484997614,16.655322259020945,22.657565218407278,0.19401518139406712,7,COMPLETE
389,1000000.0,1000000.0,0.044129018866818776,1000000.0,0.08185498607493193,1000000.0,1000000.0,1000000.0,1000000.0,1000000.0,0.23296798798864532,1000000.0,1000000.0,1000000.0,1000000.0,1000000.0,2026-03-27 06:28:45.652306,2026-03-27 06:30:10.837475,0 days 00:01:25.185169,0.6509170273504011,0.2267353245055709,0.6092300644170181,0.8609773266203685,0.8980082897770008,0.10581243804939185,0.7335802997458245,0.2055036438426762,3.116420449198988,0.855172357302774,19.966731868198373,18.994967083817833,2.3808740092132887,3.406480553043026,22.89695265693244,13.141610768161886,7,COMPLETE
390,1000000.0,1000000.0,1000000.0,1000000.0,1000000.0,1000000.0,1000000.0,1000000.0,1000000.0,1000000.0,1000000.0,1000000.0,1000000.0,1000000.0,1000000.0,1000000.0,2026-03-27 06:30:10.850468,2026-03-27 06:30:48.790548,0 days 00:00:37.940080,0.04753726255755655,0.4734016816737326,0.6494471808280816,0.17524519330870458,0.6391979139663259,0.3626414604268391,0.8002426776394009,0.6213453057576726,15.227149486796332,0.855172357302774,14.003064982436616,1.8736498279063647,2.990641646611442,7.006334444527836,19.625190594867107,15.380899790546678,7,COMPLETE
391,1000000.0,1000000.0,0.04742621461872854,1000000.0,0.09817893103840646,1000000.0,1000000.0,1000000.0,1000000.0,1000000.0,0.2668984133332113,1000000.0,1000000.0,1000000.0,1000000.0,1000000.0,2026-03-27 06:30:48.801489,2026-03-27 06:32:14.147410,0 days 00:01:25.345921,0.6509170273504011,0.893201102881611,0.6092300644170181,0.8609773266203685,0.8980082897770008,0.10581243804939185,0.7335802997458245,0.3313953068683576,7.676441564236882,0.855172357302774,19.966731868198373,22.537739539553467,2.3808740092132887,0.8005203795171522,22.213467593212247,7.148814406474547,7,COMPLETE
392,1000000.0,1000000.0,1000000.0,1000000.0,1000000.0,1000000.0,1000000.0,1000000.0,1000000.0,1000000.0,1000000.0,1000000.0,1000000.0,1000000.0,1000000.0,1000000.0,2026-03-27 06:32:14.158298,2026-03-27 06:32:41.461832,0 days 00:00:27.303534,0.2690657300012693,0.11861656837865918,0.4450254565154679,0.10106587474488772,0.2192999616837112,0.6908369927643986,0.8414442611902317,0.021181156763885364,11.494680084104543,16.7425492005099,2.3618699632612206,6.502807285793374,3.012952674216892,2.3406477845908,20.845132564819007,22.559228898153115,7,COMPLETE
393,1000000.0,1000000.0,0.0588687836024024,0.17416886123363487,0.0278908906491177,1000000.0,1000000.0,1000000.0,1000000.0,1000000.0,1000000.0,0.3430076762330818,0.5267908995247036,1000000.0,1000000.0,1000000.0,2026-03-27 06:32:41.472825,2026-03-27 06:34:07.622473,0 days 00:01:26.149648,0.04753726255755655,0.3566939980798594,0.10323523848729411,0.10106587474488772,0.2192999616837112,0.10581243804939185,0.8414442611902317,0.7640220930212918,5.265302379179622,16.7425492005099,2.3618699632612206,6.502807285793374,2.423793970968869,18.073938319277147,20.845132564819007,3.3116537712887766,7,COMPLETE
394,1000000.0,1000000.0,0.06725421352220931,0.15565394481260578,0.30986927337925796,1000000.0,1000000.0,1000000.0,1000000.0,1000000.0,0.3097910579227484,0.3346563476440993,1000000.0,1000000.0,1000000.0,1000000.0,2026-03-27 06:34:07.633956,2026-03-27 06:35:33.215036,0 days 00:01:25.581080,0.565192615172066,0.9273015659119106,0.882073862033187,0.10490483734021938,0.49925951439255534,0.048458629742033944,0.8623907708698942,0.017141573306956547,15.227149486796332,11.74965743647482,14.820970368827199,8.497448359305542,8.232864379143397,3.406480553043026,16.39409714766326,2.4743859630738445,7,COMPLETE
395,1000000.0,1000000.0,0.058799431974473744,0.16603858246683328,0.5031526887531236,1000000.0,1000000.0,1000000.0,1000000.0,1000000.0,0.30808824773900806,0.3520818745527862,1000000.0,1000000.0,1000000.0,1000000.0,2026-03-27 06:35:33.226491,2026-03-27 06:36:58.704974,0 days 00:01:25.478483,0.565192615172066,0.49745594763292544,0.4450254565154679,0.08402753439047576,0.6391979139663259,0.04447217856475382,0.144510538136074,0.6213453057576726,14.336082236658784,0.3493038177202602,4.980956204901533,23.60052410920781,3.8410257963476497,0.02376839403534505,12.05904741938356,16.52425539397861,7,COMPLETE
396,1000000.0,1000000.0,0.056067731209305194,0.1792994777967494,1000000.0,1000000.0,1000000.0,1000000.0,1000000.0,1000000.0,0.3075722233921413,0.35326944179960545,1000000.0,1000000.0,1000000.0,1000000.0,2026-03-27 06:36:58.716378,2026-03-27 06:38:24.478207,0 days 00:01:25.761829,0.565192615172066,0.9273015659119106,0.3345124105779843,0.08402753439047576,0.8955881919886156,0.048458629742033944,0.8623907708698942,0.3313953068683576,15.227149486796332,6.1458685159809505,14.820970368827199,8.497448359305542,8.232864379143397,18.21122745855342,16.39409714766326,9.153801444334722,7,COMPLETE
397,1000000.0,1000000.0,0.0609366818466177,0.16633412987104695,1000000.0,1000000.0,1000000.0,1000000.0,1000000.0,1000000.0,0.30862006128255726,0.35471648958477225,1000000.0,1000000.0,1000000.0,1000000.0,2026-03-27 06:38:24.489728,2026-03-27 06:39:50.113016,0 days 00:01:25.623288,0.4405537352832356,0.9273015659119106,0.4450254565154679,0.08402753439047576,0.8955881919886156,0.048458629742033944,0.8623907708698942,0.3313953068683576,15.227149486796332,0.3493038177202602,4.980956204901533,8.497448359305542,3.8410257963476497,18.21122745855342,16.39409714766326,9.153801444334722,7,COMPLETE
