number,values_0,values_1,values_2,values_3,values_4,values_5,values_6,values_7,values_8,values_9,values_10,values_11,values_12,values_13,values_14,values_15,datetime_start,datetime_complete,duration,params_alpha_boreal_broadleaved_summergreen_tree,params_alpha_boreal_needleleaved_evergreen_tree,params_alpha_boreal_needleleaved_summergreen_tree,params_alpha_temperate_broadleaved_evergreen_tree,params_alpha_temperate_broadleaved_summergreen_tree,params_alpha_temperate_needleleaved_evergreen_tree,params_alpha_tropical_broadleaved_evergreen_tree,params_alpha_tropical_broadleaved_raingreen_tree,params_beta_boreal_broadleaved_summergreen_tree,params_beta_boreal_needleleaved_evergreen_tree,params_beta_boreal_needleleaved_summergreen_tree,params_beta_temperate_broadleaved_evergreen_tree,params_beta_temperate_broadleaved_summergreen_tree,params_beta_temperate_needleleaved_evergreen_tree,params_beta_tropical_broadleaved_evergreen_tree,params_beta_tropical_broadleaved_raingreen_tree,system_attrs_NSGAIISampler:generation,state
327,1000000.0,1000000.0,0.06108432138730761,0.16892532824569842,0.3352488641742194,1000000.0,1000000.0,1000000.0,1000000.0,1000000.0,0.30931451633478907,0.35312986239829547,1000000.0,1000000.0,1000000.0,1000000.0,2026-03-27 05:11:59.500157,2026-03-27 05:13:25.220211,0 days 00:01:25.720054,0.8533491829725948,0.4589911614231615,0.4627743674764352,0.08402753439047576,0.5338092349715855,0.04447217856475382,0.656491910978773,0.3313953068683576,7.676441564236882,24.990135124033184,18.816633276113514,22.537739539553467,4.492673249206467,0.8005203795171522,22.213467593212247,22.559228898153115,6,COMPLETE
328,1000000.0,1000000.0,0.08542048145245444,0.1296737319967024,0.20541288820449316,1000000.0,1000000.0,1000000.0,1000000.0,1000000.0,1000000.0,1000000.0,1000000.0,1000000.0,1000000.0,1000000.0,2026-03-27 05:13:25.231501,2026-03-27 05:14:51.031234,0 days 00:01:25.799733,0.565192615172066,0.3566939980798594,0.10323523848729411,0.4271970155431605,0.37854297209115295,0.6908369927643986,0.144510538136074,0.021181156763885364,3.775604849713011,12.669842888654136,0.9699504017181515,1.8736498279063647,8.232864379143397,18.21122745855342,12.05904741938356,22.559228898153115,6,COMPLETE
329,1000000.0,1000000.0,1000000.0,1000000.0,1000000.0,1000000.0,1000000.0,1000000.0,1000000.0,1000000.0,1000000.0,1000000.0,1000000.0,1000000.0,1000000.0,1000000.0,2026-03-27 05:14:51.042280,2026-03-27 05:15:11.639962,0 days 00:00:20.597682,0.04753726255755655,0.3566939980798594,0.8829174034384935,0.4271970155431605,0.4067309082100382,0.6908369927643986,0.6627026961831178,0.7527571531020829,15.227149486796332,0.855172357302774,23.25034487729397,1.8736498279063647,24.06685693345404,18.909458126219103,5.331503884010926,22.559228898153115,6,COMPLETE
330,1000000.0,1000000.0,0.020951071017320674,1000000.0,1000000.0,1000000.0,1000000.0,1000000.0,1000000.0,1000000.0,0.21943127112767374,1000000.0,1000000.0,1000000.0,1000000.0,1000000.0,2026-03-27 05:15:11.651623,2026-03-27 05:16:37.865992,0 days 00:01:26.214369,0.2636832641246321,0.3566939980798594,0.4450254565154679,0.816111763335584,0.9836996465177444,0.3782284438147583,0.7335802997458245,0.7527571531020829,7.676441564236882,15.863837053013018,18.816633276113514,18.23153135378109,16.857542929250258,0.02376839403534505,22.89695265693244,16.52425539397861,6,COMPLETE
331,1000000.0,1000000.0,1000000.0,1000000.0,0.20821397353098475,1000000.0,1000000.0,1000000.0,1000000.0,1000000.0,1000000.0,1000000.0,1000000.0,1000000.0,1000000.0,1000000.0,2026-03-27 05:16:37.876751,2026-03-27 05:18:02.737176,0 days 00:01:24.860425,0.19434276690089075,0.9273015659119106,0.882073862033187,0.9727002550802128,0.49925951439255534,0.9372747842682263,0.8623907708698942,0.6025534001147111,10.700245534655053,4.206821797106995,4.0039634023227535,23.10618075923542,4.06858719167553,16.655322259020945,11.411617145352238,3.3116537712887766,6,COMPLETE
332,1000000.0,1000000.0,0.07168492266775141,0.10777699119321946,0.48685986715559654,1000000.0,1000000.0,1000000.0,1000000.0,1000000.0,0.27244997764443346,1000000.0,1000000.0,1000000.0,1000000.0,1000000.0,2026-03-27 05:18:02.748914,2026-03-27 05:19:28.413647,0 days 00:01:25.664733,0.521736806452696,0.9337990206042488,0.6494471808280816,0.17524519330870458,0.6448191628896351,0.10548093970678966,0.8002426776394009,0.45679019582675656,17.668334938464362,0.855172357302774,7.325954200026158,11.414162968050556,4.06858719167553,7.006334444527836,22.89695265693244,3.0572742421388828,6,COMPLETE
333,1000000.0,1000000.0,1000000.0,1000000.0,1000000.0,1000000.0,1000000.0,1000000.0,1000000.0,1000000.0,1000000.0,1000000.0,1000000.0,1000000.0,1000000.0,1000000.0,2026-03-27 05:19:28.425602,2026-03-27 05:19:55.700821,0 days 00:00:27.275219,0.12087254597587063,0.2267353245055709,0.882073862033187,0.9802401008067853,0.1636985569221783,0.10548093970678966,0.7335802997458245,0.2055036438426762,3.116420449198988,13.419946948700135,7.325954200026158,1.2757620140464951,2.3808740092132887,19.336553685076222,7.471310740278318,3.0572742421388828,6,COMPLETE
334,1000000.0,1000000.0,1000000.0,0.08919349579475593,0.04714603450859917,1000000.0,1000000.0,1000000.0,1000000.0,1000000.0,1000000.0,0.2880029895051988,0.39823927661320047,1000000.0,1000000.0,1000000.0,2026-03-27 05:19:55.711962,2026-03-27 05:21:21.529899,0 days 00:01:25.817937,0.2690657300012693,0.3566939980798594,0.10323523848729411,0.10106587474488772,0.2192999616837112,0.6908369927643986,0.8414442611902317,0.021181156763885364,5.265302379179622,16.7425492005099,2.3618699632612206,6.502807285793374,24.06685693345404,18.073938319277147,20.845132564819007,22.559228898153115,6,COMPLETE
335,1000000.0,1000000.0,1000000.0,1000000.0,1000000.0,1000000.0,1000000.0,1000000.0,1000000.0,1000000.0,1000000.0,1000000.0,1000000.0,1000000.0,1000000.0,1000000.0,2026-03-27 05:21:21.541334,2026-03-27 05:21:58.863279,0 days 00:00:37.321945,0.752463180980785,0.3308930906123468,0.10750574440615002,0.10490483734021938,0.4005479962088678,0.36693387508421677,0.11013753367690134,0.017141573306956547,23.111938556028942,11.74965743647482,4.755849281974349,12.532756196355933,0.3297800798218504,15.04881858178218,20.845132564819007,0.19401518139406712,6,COMPLETE
336,1000000.0,1000000.0,1000000.0,1000000.0,1000000.0,1000000.0,1000000.0,1000000.0,1000000.0,1000000.0,1000000.0,1000000.0,1000000.0,1000000.0,1000000.0,1000000.0,2026-03-27 05:21:58.875280,2026-03-27 05:22:51.538788,0 days 00:00:52.663508,0.12087254597587063,0.1086233050185069,0.6494471808280816,0.7588902285518637,0.4067309082100382,0.30540996052141683,0.144510538136074,0.2055036438426762,14.336082236658784,12.669842888654136,14.003064982436616,22.537739539553467,2.3808740092132887,5.017799374338482,12.05904741938356,0.19401518139406712,6,COMPLETE
337,1000000.0,1000000.0,1000000.0,1000000.0,1000000.0,1000000.0,1000000.0,1000000.0,1000000.0,1000000.0,1000000.0,1000000.0,1000000.0,1000000.0,1000000.0,1000000.0,2026-03-27 05:22:51.550549,2026-03-27 05:23:12.232295,0 days 00:00:20.681746,0.44292427257117456,0.3592446467592388,0.882073862033187,0.8609773266203685,0.4067309082100382,0.29356622182872544,0.3961141338546061,0.5317284110038133,3.116420449198988,0.855172357302774,4.0039634023227535,22.537739539553467,0.3297800798218504,19.393309437116567,22.213467593212247,0.19401518139406712,6,COMPLETE
338,1000000.0,1000000.0,0.01879419568981233,1000000.0,0.7860977110986667,1000000.0,1000000.0,1000000.0,1000000.0,1000000.0,0.19777186877735753,1000000.0,1000000.0,1000000.0,1000000.0,1000000.0,2026-03-27 05:23:12.243130,2026-03-27 05:24:38.108398,0 days 00:01:25.865268,0.6509170273504011,0.940149660145769,0.6092300644170181,0.8609773266203685,0.8980082897770008,0.10548093970678966,0.8623907708698942,0.2055036438426762,15.227149486796332,0.855172357302774,19.966731868198373,24.607180155166073,2.3808740092132887,12.417889027941694,22.89695265693244,13.141610768161886,6,COMPLETE
339,1000000.0,1000000.0,0.048328538486700934,1000000.0,0.02836718458643108,1000000.0,1000000.0,1000000.0,1000000.0,1000000.0,0.28982630688050776,1000000.0,1000000.0,1000000.0,1000000.0,1000000.0,2026-03-27 05:24:38.120027,2026-03-27 05:26:03.382400,0 days 00:01:25.262373,0.2636832641246321,0.3592446467592388,0.6494471808280816,0.7736109557469404,0.2613958420681749,0.07393182880556347,0.8002426776394009,0.6213453057576726,0.19767544823482855,11.74965743647482,14.003064982436616,22.537739539553467,11.67831276546445,0.8005203795171522,22.213467593212247,15.380899790546678,6,COMPLETE
340,1000000.0,1000000.0,1000000.0,0.12333738897600133,0.08543108761993576,1000000.0,1000000.0,1000000.0,1000000.0,1000000.0,1000000.0,1000000.0,1000000.0,1000000.0,1000000.0,1000000.0,2026-03-27 05:26:03.394739,2026-03-27 05:27:28.789431,0 days 00:01:25.394692,0.04753726255755655,0.1086233050185069,0.3662873111936026,0.17524519330870458,0.4067309082100382,0.6867684103227236,0.8396035566203823,0.7527571531020829,15.227149486796332,0.855172357302774,23.25034487729397,11.414162968050556,2.990641646611442,18.909458126219103,22.89695265693244,3.3116537712887766,6,COMPLETE
341,1000000.0,1000000.0,0.09279355398653719,0.08722383274680635,0.3648338966873747,1000000.0,1000000.0,1000000.0,1000000.0,1000000.0,1000000.0,1000000.0,1000000.0,1000000.0,1000000.0,1000000.0,2026-03-27 05:27:28.802315,2026-03-27 05:28:54.243844,0 days 00:01:25.441529,0.8533491829725948,0.4734016816737326,0.6209470874830791,0.4271970155431605,0.6391979139663259,0.14255986340003865,0.8414442611902317,0.6213453057576726,3.1026710743988617,5.525152231868991,18.816633276113514,1.8736498279063647,24.06685693345404,6.697459903424459,23.67776267311684,15.380899790546678,6,COMPLETE
342,1000000.0,1000000.0,1000000.0,1000000.0,1000000.0,1000000.0,1000000.0,1000000.0,1000000.0,1000000.0,1000000.0,1000000.0,1000000.0,1000000.0,1000000.0,1000000.0,2026-03-27 05:28:54.254516,2026-03-27 05:30:06.995380,0 days 00:01:12.740864,0.6509170273504011,0.04863517631041256,0.09673007434862858,0.9802401008067853,0.6448191628896351,0.10548093970678966,0.36920948114530955,0.7527571531020829,12.910406976316251,0.855172357302774,7.325954200026158,18.994967083817833,16.857542929250258,12.417889027941694,22.89695265693244,3.0572742421388828,6,COMPLETE
343,1000000.0,1000000.0,0.05360522133624592,0.016345630081307082,1000000.0,1000000.0,1000000.0,1000000.0,1000000.0,1000000.0,0.2792131282874428,1000000.0,1000000.0,1000000.0,1000000.0,1000000.0,2026-03-27 05:30:07.006238,2026-03-27 05:31:32.337238,0 days 00:01:25.331000,0.6509170273504011,0.9116169995690447,0.6494471808280816,0.7632013471294642,0.8980082897770008,0.10581243804939185,0.21682645139293405,0.7527571531020829,15.227149486796332,11.74965743647482,14.003064982436616,0.22763654555512242,19.829669753816116,0.8005203795171522,22.89695265693244,15.380899790546678,6,COMPLETE
344,1000000.0,1000000.0,1000000.0,1000000.0,1000000.0,1000000.0,1000000.0,1000000.0,1000000.0,1000000.0,1000000.0,1000000.0,1000000.0,1000000.0,1000000.0,1000000.0,2026-03-27 05:31:32.348211,2026-03-27 05:31:59.684072,0 days 00:00:27.335861,0.8533491829725948,0.3566939980798594,0.4450254565154679,0.816111763335584,0.9836996465177444,0.6908369927643986,0.21682645139293405,0.7527571531020829,7.676441564236882,0.3493038177202602,4.980956204901533,1.8736498279063647,13.872765173409892,0.02376839403534505,14.482395734341585,16.52425539397861,6,COMPLETE
345,1000000.0,1000000.0,0.07301190901384674,0.10690708115231794,0.017283344047649894,1000000.0,1000000.0,1000000.0,1000000.0,1000000.0,0.274098420990725,1000000.0,0.42009835319517336,1000000.0,1000000.0,1000000.0,2026-03-27 05:31:59.695284,2026-03-27 05:33:25.461311,0 days 00:01:25.766027,0.11456933604383283,0.3592446467592388,0.5680831479575064,0.17524519330870458,0.2613958420681749,0.10581243804939185,0.656491910978773,0.3313953068683576,15.227149486796332,24.990135124033184,4.0039634023227535,11.414162968050556,4.492673249206467,7.006334444527836,22.213467593212247,15.380899790546678,6,COMPLETE
346,1000000.0,1000000.0,0.045413955826315903,1000000.0,0.03249285137313896,1000000.0,1000000.0,1000000.0,1000000.0,1000000.0,0.24412535201599078,1000000.0,1000000.0,1000000.0,1000000.0,1000000.0,2026-03-27 05:33:25.472205,2026-03-27 05:34:52.281872,0 days 00:01:26.809667,0.3826649939883203,0.3592446467592388,0.4450254565154679,0.7736109557469404,0.38123091507916124,0.10548093970678966,0.32098451946109324,0.2055036438426762,11.494680084104543,24.990135124033184,7.325954200026158,22.537739539553467,3.012952674216892,2.3406477845908,10.070617088003614,15.327798493292129,6,COMPLETE
347,1000000.0,1000000.0,0.044674927008113784,1000000.0,1000000.0,1000000.0,1000000.0,1000000.0,1000000.0,1000000.0,0.2642420090860438,1000000.0,1000000.0,1000000.0,1000000.0,1000000.0,2026-03-27 05:34:52.293774,2026-03-27 05:36:17.941355,0 days 00:01:25.647581,0.8533491829725948,0.2267353245055709,0.10323523848729411,0.7896036276292848,0.9836996465177444,0.10581243804939185,0.7335802997458245,0.295108344765465,3.116420449198988,16.7425492005099,18.816633276113514,18.994967083817833,13.872765173409892,0.8005203795171522,22.89695265693244,13.141610768161886,6,COMPLETE
348,1000000.0,1000000.0,0.06411919162443047,0.10571657263488203,0.28372763886504326,1000000.0,1000000.0,1000000.0,1000000.0,1000000.0,0.30324635870036737,1000000.0,1000000.0,1000000.0,1000000.0,1000000.0,2026-03-27 05:36:17.952887,2026-03-27 05:37:44.533457,0 days 00:01:26.580570,0.44292427257117456,0.9273015659119106,0.10750574440615002,0.17524519330870458,0.5794047513261499,0.048458629742033944,0.8623907708698942,0.6025534001147111,8.50272290479326,13.419946948700135,7.325954200026158,10.655349544586201,4.06858719167553,16.655322259020945,11.411617145352238,0.19401518139406712,6,COMPLETE
349,1000000.0,1000000.0,0.0762462407972791,0.12506316825949976,0.08624914262603793,1000000.0,1000000.0,1000000.0,1000000.0,1000000.0,0.30665056160201287,1000000.0,1000000.0,1000000.0,1000000.0,1000000.0,2026-03-27 05:37:44.544470,2026-03-27 05:39:10.344372,0 days 00:01:25.799902,0.04753726255755655,0.6955865732138418,0.4344387011232426,0.17524519330870458,0.38123091507916124,0.048458629742033944,0.8396035566203823,0.16440088640289807,15.227149486796332,23.100499573987648,14.996293360187861,5.59487262501663,2.990641646611442,16.655322259020945,10.070617088003614,3.3116537712887766,6,COMPLETE
350,1000000.0,1000000.0,0.13698434400272141,0.16105658765575143,0.29542105731108836,1000000.0,1000000.0,1000000.0,1000000.0,1000000.0,1000000.0,1000000.0,1000000.0,1000000.0,1000000.0,1000000.0,2026-03-27 05:39:10.356025,2026-03-27 05:40:36.003777,0 days 00:01:25.647752,0.19434276690089075,0.940149660145769,0.6092300644170181,0.8609773266203685,0.8980082897770008,0.29356622182872544,0.8623907708698942,0.2055036438426762,10.700245534655053,0.855172357302774,19.966731868198373,24.607180155166073,2.3808740092132887,3.406480553043026,14.898875124396334,13.141610768161886,7,COMPLETE
351,1000000.0,1000000.0,0.01564148746319585,1000000.0,0.0955292419929319,1000000.0,1000000.0,1000000.0,1000000.0,1000000.0,0.19742447437954247,1000000.0,1000000.0,1000000.0,1000000.0,1000000.0,2026-03-27 05:40:36.015380,2026-03-27 05:42:01.405538,0 days 00:01:25.390158,0.6509170273504011,0.940149660145769,0.6092300644170181,0.7632013471294642,0.6024314699199232,0.10581243804939185,0.21682645139293405,0.7527571531020829,15.227149486796332,0.855172357302774,19.966731868198373,22.597092278473525,16.857542929250258,12.417889027941694,22.89695265693244,13.141610768161886,7,COMPLETE
352,1000000.0,1000000.0,0.07185565071444801,0.14920691522102508,1000000.0,1000000.0,1000000.0,1000000.0,1000000.0,1000000.0,0.3083928350581675,0.315507084715959,1000000.0,1000000.0,1000000.0,1000000.0,2026-03-27 05:42:01.417481,2026-03-27 05:43:28.174574,0 days 00:01:26.757093,0.8533491829725948,0.5590415933152213,0.10750574440615002,0.15966199401250572,0.9836996465177444,0.048458629742033944,0.21682645139293405,0.7527571531020829,15.227149486796332,16.7425492005099,20.08659521899448,1.8736498279063647,7.72886205309009,2.18106675286599,14.482395734341585,0.19401518139406712,7,COMPLETE
353,1000000.0,1000000.0,0.07699640477152986,0.1378397511137226,1000000.0,1000000.0,1000000.0,1000000.0,1000000.0,1000000.0,0.3058373681045316,1000000.0,1000000.0,1000000.0,1000000.0,1000000.0,2026-03-27 05:43:28.185549,2026-03-27 05:44:53.938813,0 days 00:01:25.753264,0.35240084811599076,0.6955865732138418,0.10323523848729411,0.17524519330870458,0.9836996465177444,0.048458629742033944,0.8396035566203823,0.7527571531020829,15.227149486796332,1.2400390863102138,23.25034487729397,4.653992841863115,13.872765173409892,0.8005203795171522,22.657565218407278,22.559228898153115,7,COMPLETE
354,1000000.0,1000000.0,0.0625554283461577,0.16187842398551225,0.32642243761769496,1000000.0,1000000.0,1000000.0,1000000.0,1000000.0,0.30896069793303166,0.35283692229579555,1000000.0,1000000.0,1000000.0,1000000.0,2026-03-27 05:44:53.950075,2026-03-27 05:46:20.985008,0 days 00:01:27.034933,0.565192615172066,0.4837400366855389,0.43499190707255087,0.08402753439047576,0.5338092349715855,0.04447217856475382,0.656491910978773,0.3313953068683576,14.336082236658784,24.990135124033184,0.9699504017181515,8.497448359305542,4.492673249206467,3.406480553043026,12.05904741938356,23.317972821616813,7,COMPLETE
355,1000000.0,1000000.0,0.04824321797044832,1000000.0,0.03425896228327362,1000000.0,1000000.0,1000000.0,1000000.0,1000000.0,0.28968797255824247,1000000.0,0.3705115241676874,1000000.0,1000000.0,1000000.0,2026-03-27 05:46:20.996185,2026-03-27 05:47:46.916837,0 days 00:01:25.920652,0.8533491829725948,0.4589911614231615,0.6494471808280816,0.7736109557469404,0.2613958420681749,0.04447217856475382,0.8002426776394009,0.6213453057576726,7.676441564236882,11.74965743647482,18.816633276113514,22.537739539553467,4.492673249206467,0.8005203795171522,22.213467593212247,22.559228898153115,7,COMPLETE
356,1000000.0,1000000.0,1000000.0,1000000.0,1000000.0,1000000.0,1000000.0,1000000.0,1000000.0,1000000.0,1000000.0,1000000.0,1000000.0,1000000.0,1000000.0,1000000.0,2026-03-27 05:47:46.928359,2026-03-27 05:48:14.196577,0 days 00:00:27.268218,0.8533491829725948,0.3592446467592388,0.10323523848729411,0.7736109557469404,0.9836996465177444,0.08166971367050493,0.8002426776394009,0.021181156763885364,18.276755046775563,16.7425492005099,18.816633276113514,1.8736498279063647,19.829669753816116,0.8005203795171522,14.482395734341585,22.559228898153115,7,COMPLETE
357,1000000.0,1000000.0,0.061558047931196805,0.15725330907794766,0.14470358480294762,1000000.0,1000000.0,1000000.0,1000000.0,1000000.0,0.31046934135587445,0.3511421757436485,1000000.0,1000000.0,1000000.0,1000000.0,2026-03-27 05:48:14.208938,2026-03-27 05:49:39.445045,0 days 00:01:25.236107,0.04753726255755655,0.6997242335582243,0.9298369183713273,0.08402753439047576,0.4067309082100382,0.04447217856475382,0.8396035566203823,0.3313953068683576,14.336082236658784,0.855172357302774,4.0039634023227535,23.460464575864812,4.492673249206467,18.909458126219103,22.89695265693244,23.317972821616813,7,COMPLETE
358,1000000.0,1000000.0,1000000.0,1000000.0,1000000.0,1000000.0,1000000.0,1000000.0,1000000.0,1000000.0,1000000.0,1000000.0,1000000.0,1000000.0,1000000.0,1000000.0,2026-03-27 05:49:39.457049,2026-03-27 05:50:06.701662,0 days 00:00:27.244613,0.8161986533742611,0.11861656837865918,0.4450254565154679,0.7632013471294642,0.8980082897770008,0.10548093970678966,0.32098451946109324,0.7527571531020829,15.227149486796332,13.419946948700135,12.963974835933758,5.59487262501663,19.829669753816116,0.8005203795171522,10.070617088003614,16.52425539397861,7,COMPLETE
359,1000000.0,1000000.0,0.055035457084249007,0.1690411972540259,0.49770284351115796,1000000.0,1000000.0,1000000.0,1000000.0,1000000.0,0.30865439459983735,0.3552985099504069,1000000.0,1000000.0,1000000.0,1000000.0,2026-03-27 05:50:06.713425,2026-03-27 05:51:32.278598,0 days 00:01:25.565173,0.6086447328152642,0.35366313547615585,0.43499190707255087,0.08402753439047576,0.6391979139663259,0.048458629742033944,0.32098451946109324,0.3313953068683576,14.336082236658784,0.3493038177202602,4.980956204901533,8.497448359305542,3.8410257963476497,0.02376839403534505,10.070617088003614,16.52425539397861,7,COMPLETE
360,1000000.0,1000000.0,1000000.0,1000000.0,1000000.0,1000000.0,1000000.0,1000000.0,1000000.0,1000000.0,1000000.0,1000000.0,1000000.0,1000000.0,1000000.0,1000000.0,2026-03-27 05:51:32.291658,2026-03-27 05:51:53.097055,0 days 00:00:20.805397,0.8533491829725948,0.9273015659119106,0.5680831479575064,0.17524519330870458,0.2613958420681749,0.6908369927643986,0.21682645139293405,0.3313953068683576,15.227149486796332,24.990135124033184,18.816633276113514,11.414162968050556,4.492673249206467,7.006334444527836,14.482395734341585,15.380899790546678,7,COMPLETE
361,1000000.0,1000000.0,0.021455662338325823,1000000.0,0.16398124880067366,1000000.0,1000000.0,1000000.0,1000000.0,1000000.0,0.21888499820795343,1000000.0,1000000.0,1000000.0,1000000.0,1000000.0,2026-03-27 05:51:53.107847,2026-03-27 05:53:18.941317,0 days 00:01:25.833470,0.4898434945240583,0.49745594763292544,0.4450254565154679,0.816111763335584,0.6391979139663259,0.3782284438147583,0.7335802997458245,0.6213453057576726,3.116420449198988,0.3493038177202602,4.980956204901533,22.537739539553467,3.8410257963476497,0.02376839403534505,22.213467593212247,16.52425539397861,7,COMPLETE
362,1000000.0,1000000.0,0.054817381101188646,0.17564810882307763,0.1042209558592487,1000000.0,1000000.0,1000000.0,1000000.0,1000000.0,0.30851263345398394,0.3530303070379544,1000000.0,1000000.0,1000000.0,1000000.0,2026-03-27 05:53:18.952288,2026-03-27 05:54:46.074932,0 days 00:01:27.122644,0.6509170273504011,0.4837400366855389,0.43499190707255087,0.08402753439047576,0.37854297209115295,0.04447217856475382,0.7335802997458245,0.2055036438426762,3.116420449198988,12.669842888654136,0.9699504017181515,18.994967083817833,2.3808740092132887,18.21122745855342,22.89695265693244,13.141610768161886,7,COMPLETE
