number,values_0,values_1,values_2,values_3,values_4,values_5,values_6,values_7,values_8,values_9,values_10,values_11,values_12,values_13,values_14,values_15,datetime_start,datetime_complete,duration,params_alpha_boreal_broadleaved_summergreen_tree,params_alpha_boreal_needleleaved_evergreen_tree,params_alpha_boreal_needleleaved_summergreen_tree,params_alpha_temperate_broadleaved_evergreen_tree,params_alpha_temperate_broadleaved_summergreen_tree,params_alpha_temperate_needleleaved_evergreen_tree,params_alpha_tropical_broadleaved_evergreen_tree,params_alpha_tropical_broadleaved_raingreen_tree,params_beta_boreal_broadleaved_summergreen_tree,params_beta_boreal_needleleaved_evergreen_tree,params_beta_boreal_needleleaved_summergreen_tree,params_beta_temperate_broadleaved_evergreen_tree,params_beta_temperate_broadleaved_summergreen_tree,params_beta_temperate_needleleaved_evergreen_tree,params_beta_tropical_broadleaved_evergreen_tree,params_beta_tropical_broadleaved_raingreen_tree,system_attrs_NSGAIISampler:generation,state
398,1000000.0,1000000.0,0.05411822875377454,0.17430686342624835,0.49890862799045577,1000000.0,1000000.0,1000000.0,1000000.0,1000000.0,0.3090929748065365,0.354192373158127,1000000.0,1000000.0,1000000.0,1000000.0,2026-03-27 06:39:50.125144,2026-03-27 06:41:15.507572,0 days 00:01:25.382428,0.565192615172066,0.4589911614231615,0.4627743674764352,0.08402753439047576,0.5338092349715855,0.048458629742033944,0.656491910978773,0.3313953068683576,15.227149486796332,6.1458685159809505,20.08659521899448,22.537739539553467,8.232864379143397,18.21122745855342,16.39409714766326,23.317972821616813,7,COMPLETE
399,1000000.0,1000000.0,1000000.0,1000000.0,1000000.0,1000000.0,1000000.0,1000000.0,1000000.0,1000000.0,1000000.0,1000000.0,1000000.0,1000000.0,1000000.0,1000000.0,2026-03-27 06:41:15.518753,2026-03-27 06:41:36.501564,0 days 00:00:20.982811,0.565192615172066,0.1086233050185069,0.3662873111936026,0.6506844034990305,0.23220619395567269,0.5092700444526677,0.144510538136074,0.3313953068683576,18.085904761594914,3.4394088561122644,9.889305996758797,8.497448359305542,8.232864379143397,15.04881858178218,12.05904741938356,0.19401518139406712,7,COMPLETE
400,1000000.0,1000000.0,0.08589567338714188,0.1772981085546383,0.1403032919541158,1000000.0,1000000.0,1000000.0,1000000.0,1000000.0,1000000.0,0.36088836428643944,0.3324848124936948,1000000.0,1000000.0,1000000.0,2026-03-27 06:41:36.513909,2026-03-27 06:43:02.845346,0 days 00:01:26.331437,0.8533491829725948,0.4734016816737326,0.46149969293586307,0.10490483734021938,0.3321926726884462,0.36693387508421677,0.11013753367690134,0.6213453057576726,3.1026710743988617,5.525152231868991,4.755849281974349,1.8736498279063647,0.3297800798218504,3.406480553043026,10.070617088003614,24.147748977676457,8,COMPLETE
401,1000000.0,1000000.0,0.06964931806793456,0.1732956868790933,1000000.0,1000000.0,1000000.0,1000000.0,1000000.0,1000000.0,1000000.0,0.3311205220096299,1000000.0,1000000.0,1000000.0,1000000.0,2026-03-27 06:43:02.856437,2026-03-27 06:44:28.419162,0 days 00:01:25.562725,0.565192615172066,0.9273015659119106,0.3662873111936026,0.10090178806463944,0.8955881919886156,0.11227705775593351,0.8396035566203823,0.3313953068683576,15.227149486796332,6.1458685159809505,9.889305996758797,22.229084301744958,8.232864379143397,18.21122745855342,17.090544948683856,9.153801444334722,8,COMPLETE
402,1000000.0,1000000.0,0.05436940769915819,0.1758448440680261,0.11153875648603914,1000000.0,1000000.0,1000000.0,1000000.0,1000000.0,1000000.0,0.3401773964797279,0.509144276922045,1000000.0,1000000.0,1000000.0,2026-03-27 06:44:28.430286,2026-03-27 06:45:53.967645,0 days 00:01:25.537359,0.5431698367584615,0.3566939980798594,0.3662873111936026,0.10106587474488772,0.23220619395567269,0.10581243804939185,0.8396035566203823,0.4080051646084188,5.265302379179622,16.7425492005099,9.889305996758797,6.502807285793374,2.423793970968869,18.073938319277147,1.690644196379288,3.3116537712887766,8,COMPLETE
403,1000000.0,1000000.0,1000000.0,1000000.0,1000000.0,1000000.0,1000000.0,1000000.0,1000000.0,1000000.0,1000000.0,1000000.0,1000000.0,1000000.0,1000000.0,1000000.0,2026-03-27 06:45:53.979197,2026-03-27 06:46:17.890298,0 days 00:00:23.911101,0.19434276690089075,0.3308930906123468,0.882073862033187,0.9802401008067853,0.2613958420681749,0.29356622182872544,0.11013753367690134,0.45679019582675656,18.276755046775563,5.303501942283226,7.325954200026158,2.3996853794289623,0.3297800798218504,3.7116199887181645,20.845132564819007,11.664837089442198,8,COMPLETE
404,1000000.0,1000000.0,1000000.0,1000000.0,1000000.0,1000000.0,1000000.0,1000000.0,1000000.0,1000000.0,1000000.0,1000000.0,1000000.0,1000000.0,1000000.0,1000000.0,2026-03-27 06:46:17.901884,2026-03-27 06:46:45.073311,0 days 00:00:27.171427,0.6509170273504011,0.940149660145769,0.6092300644170181,0.7632013471294642,0.8980082897770008,0.10581243804939185,0.21682645139293405,0.7527571531020829,15.227149486796332,0.855172357302774,19.966731868198373,7.011897612380028,16.857542929250258,11.043714510881207,22.89695265693244,13.141610768161886,8,COMPLETE
405,1000000.0,1000000.0,0.06725421352220931,0.15565394481260578,0.30986927337925796,1000000.0,1000000.0,1000000.0,1000000.0,1000000.0,0.3097910579227484,0.3346563476440993,1000000.0,1000000.0,1000000.0,1000000.0,2026-03-27 06:46:45.084876,2026-03-27 06:48:10.825412,0 days 00:01:25.740536,0.565192615172066,0.9273015659119106,0.882073862033187,0.10490483734021938,0.49925951439255534,0.048458629742033944,0.8623907708698942,0.017141573306956547,15.227149486796332,11.74965743647482,14.820970368827199,8.497448359305542,8.232864379143397,3.406480553043026,16.39409714766326,2.4743859630738445,8,COMPLETE
406,1000000.0,1000000.0,0.062172077262725944,0.16089214162185375,0.1593701518760815,1000000.0,1000000.0,1000000.0,1000000.0,1000000.0,0.30998124401650595,0.3518671437628501,1000000.0,1000000.0,1000000.0,1000000.0,2026-03-27 06:48:10.837147,2026-03-27 06:49:37.598832,0 days 00:01:26.761685,0.04753726255755655,0.4837400366855389,0.43499190707255087,0.08402753439047576,0.37854297209115295,0.04447217856475382,0.7335802997458245,0.2055036438426762,15.227149486796332,12.669842888654136,0.9699504017181515,11.414162968050556,2.990641646611442,7.006334444527836,22.89695265693244,15.380899790546678,8,COMPLETE
407,1000000.0,1000000.0,0.05279608957702266,0.17382474531204933,0.022916563777106956,1000000.0,1000000.0,1000000.0,1000000.0,1000000.0,0.3083248813398859,0.35319385746705545,0.43539884132752554,1000000.0,1000000.0,1000000.0,2026-03-27 06:49:37.609648,2026-03-27 06:51:04.938765,0 days 00:01:27.329117,0.19434276690089075,0.9273015659119106,0.6494471808280816,0.08402753439047576,0.2613958420681749,0.04447217856475382,0.8002426776394009,0.6213453057576726,15.227149486796332,4.206821797106995,20.08659521899448,8.497448359305542,4.492673249206467,0.8005203795171522,16.39409714766326,6.502701749861743,8,COMPLETE
408,1000000.0,1000000.0,0.0061010982797275945,1000000.0,0.07929894421181209,1000000.0,1000000.0,1000000.0,1000000.0,1000000.0,1000000.0,1000000.0,0.43784004096053136,1000000.0,1000000.0,1000000.0,2026-03-27 06:51:04.950346,2026-03-27 06:52:30.808124,0 days 00:01:25.857778,0.04753726255755655,0.5091080418650433,0.3662873111936026,0.8856389215616685,0.23220619395567269,0.10581243804939185,0.8396035566203823,0.017141573306956547,18.085904761594914,16.7425492005099,23.25034487729397,11.414162968050556,2.423793970968869,18.909458126219103,17.090544948683856,3.3116537712887766,8,COMPLETE
409,1000000.0,1000000.0,1000000.0,1000000.0,1000000.0,1000000.0,1000000.0,1000000.0,1000000.0,1000000.0,1000000.0,1000000.0,1000000.0,1000000.0,1000000.0,1000000.0,2026-03-27 06:52:30.819003,2026-03-27 06:53:43.330836,0 days 00:01:12.511833,0.752463180980785,0.5091080418650433,0.10750574440615002,0.17524519330870458,0.23220619395567269,0.048458629742033944,0.8623907708698942,0.6025534001147111,15.227149486796332,16.7425492005099,20.08659521899448,12.532756196355933,7.72886205309009,15.04881858178218,4.683478178342205,0.19401518139406712,8,COMPLETE
410,1000000.0,1000000.0,0.06157929547938698,0.019824598282410573,0.030649766564660372,1000000.0,1000000.0,1000000.0,1000000.0,1000000.0,1000000.0,1000000.0,1000000.0,1000000.0,1000000.0,1000000.0,2026-03-27 06:53:43.342127,2026-03-27 06:55:08.912736,0 days 00:01:25.570609,0.8533491829725948,0.4734016816737326,0.09673007434862858,0.4271970155431605,0.2613958420681749,0.14255986340003865,0.8623907708698942,0.6213453057576726,5.655321896949962,24.990135124033184,7.325954200026158,1.8736498279063647,24.06685693345404,3.406480553043026,22.213467593212247,11.664837089442198,8,COMPLETE
411,1000000.0,1000000.0,0.05831827187266561,0.1711416423790709,1000000.0,1000000.0,1000000.0,1000000.0,1000000.0,1000000.0,0.3090469897379479,0.35227620510931595,1000000.0,1000000.0,1000000.0,1000000.0,2026-03-27 06:55:08.925098,2026-03-27 06:56:34.609437,0 days 00:01:25.684339,0.565192615172066,0.5091080418650433,0.43499190707255087,0.08402753439047576,0.5338092349715855,0.04447217856475382,0.656491910978773,0.3313953068683576,14.336082236658784,24.990135124033184,0.9699504017181515,14.017060394342668,24.502157083178492,5.017799374338482,12.05904741938356,23.317972821616813,8,COMPLETE
412,1000000.0,1000000.0,0.04038921482819461,1000000.0,1000000.0,1000000.0,1000000.0,1000000.0,1000000.0,1000000.0,0.23327578700172724,1000000.0,1000000.0,1000000.0,1000000.0,1000000.0,2026-03-27 06:56:34.620549,2026-03-27 06:58:00.153153,0 days 00:01:25.532604,0.6509170273504011,0.4589911614231615,0.6092300644170181,0.7632013471294642,0.6024314699199232,0.10581243804939185,0.21682645139293405,0.3313953068683576,14.336082236658784,24.990135124033184,19.966731868198373,22.597092278473525,16.857542929250258,3.406480553043026,22.213467593212247,13.141610768161886,8,COMPLETE
413,1000000.0,1000000.0,0.006477016372444483,1000000.0,0.23962145085772474,1000000.0,1000000.0,1000000.0,1000000.0,1000000.0,1000000.0,1000000.0,1000000.0,1000000.0,1000000.0,1000000.0,2026-03-27 06:58:00.165328,2026-03-27 06:59:26.499977,0 days 00:01:26.334649,0.9695324378906215,0.04863517631041256,0.09673007434862858,0.9802401008067853,0.6448191628896351,0.10548093970678966,0.8396035566203823,0.45679019582675656,17.668334938464362,13.419946948700135,9.889305996758797,23.10618075923542,4.06858719167553,18.21122745855342,7.471310740278318,3.0572742421388828,8,COMPLETE
414,1000000.0,1000000.0,1000000.0,1000000.0,1000000.0,1000000.0,1000000.0,1000000.0,1000000.0,1000000.0,1000000.0,1000000.0,1000000.0,1000000.0,1000000.0,1000000.0,2026-03-27 06:59:26.511073,2026-03-27 06:59:53.886753,0 days 00:00:27.375680,0.5431698367584615,0.9662106523213966,0.3662873111936026,0.5950115987854553,0.38123091507916124,0.10548093970678966,0.4483428101139545,0.4080051646084188,14.336082236658784,12.669842888654136,1.3081060226452772,8.497448359305542,8.232864379143397,18.21122745855342,17.090544948683856,16.751754090776785,8,COMPLETE
415,1000000.0,1000000.0,0.10777980755440296,0.18662700541503227,0.34515416217130246,1000000.0,1000000.0,1000000.0,1000000.0,1000000.0,1000000.0,0.33821362770716756,1000000.0,1000000.0,1000000.0,1000000.0,2026-03-27 06:59:53.899441,2026-03-27 07:01:19.456666,0 days 00:01:25.557225,0.5006712500733038,0.3308930906123468,0.882073862033187,0.10490483734021938,0.49925951439255534,0.36693387508421677,0.11013753367690134,0.5317284110038133,23.111938556028942,11.74965743647482,24.735292958601956,18.994967083817833,16.50692708412729,3.406480553043026,14.898875124396334,13.141610768161886,8,COMPLETE
416,1000000.0,1000000.0,0.06365073515277533,0.16249649642896843,0.06089557669557732,1000000.0,1000000.0,1000000.0,1000000.0,1000000.0,0.30267144070366564,0.3486047541180797,0.5238792682536618,1000000.0,1000000.0,1000000.0,2026-03-27 07:01:19.467981,2026-03-27 07:02:45.205005,0 days 00:01:25.737024,0.8533491829725948,0.3566939980798594,0.10323523848729411,0.10106587474488772,0.2192999616837112,0.10581243804939185,0.8414442611902317,0.7640220930212918,15.227149486796332,16.7425492005099,2.3618699632612206,1.8736498279063647,2.423793970968869,0.8005203795171522,20.845132564819007,3.3116537712887766,8,COMPLETE
417,1000000.0,1000000.0,0.05438563004006106,0.17316292240924225,0.06672245443514448,1000000.0,1000000.0,1000000.0,1000000.0,1000000.0,0.30788359922122116,0.3521266998448827,0.43726822442987895,1000000.0,1000000.0,1000000.0,2026-03-27 07:02:45.218866,2026-03-27 07:04:10.854426,0 days 00:01:25.635560,0.04753726255755655,0.3592446467592388,0.6494471808280816,0.08402753439047576,0.2613958420681749,0.04447217856475382,0.8002426776394009,0.3313953068683576,14.336082236658784,0.855172357302774,14.003064982436616,11.414162968050556,4.492673249206467,10.711564785139362,22.213467593212247,15.380899790546678,8,COMPLETE
418,1000000.0,1000000.0,0.03183857524634852,1000000.0,0.0570846067106486,1000000.0,1000000.0,1000000.0,1000000.0,1000000.0,0.20935570312500584,1000000.0,0.39287632470770567,1000000.0,1000000.0,1000000.0,2026-03-27 07:04:10.865429,2026-03-27 07:05:37.306733,0 days 00:01:26.441304,0.04753726255755655,0.3592446467592388,0.5680831479575064,0.7736109557469404,0.2613958420681749,0.10581243804939185,0.8002426776394009,0.3313953068683576,0.19767544823482855,24.990135124033184,14.003064982436616,11.414162968050556,4.492673249206467,7.006334444527836,1.0878842385756367,15.380899790546678,8,COMPLETE
419,1000000.0,1000000.0,0.05870477675781518,0.17005150679758557,0.08703753133762573,1000000.0,1000000.0,1000000.0,1000000.0,1000000.0,1000000.0,0.3542040207198008,1000000.0,1000000.0,1000000.0,1000000.0,2026-03-27 07:05:37.317858,2026-03-27 07:07:02.637694,0 days 00:01:25.319836,0.19434276690089075,0.04863517631041256,0.09673007434862858,0.08402753439047576,0.6448191628896351,0.10548093970678966,0.11013753367690134,0.4080051646084188,14.800605389035345,3.4394088561122644,9.889305996758797,5.513291425202985,0.3297800798218504,18.412067126677332,11.937407159769554,16.751754090776785,8,COMPLETE
420,1000000.0,1000000.0,0.06108432138730761,0.16892532824569842,0.3352488641742194,1000000.0,1000000.0,1000000.0,1000000.0,1000000.0,0.30931451633478907,0.35312986239829547,1000000.0,1000000.0,1000000.0,1000000.0,2026-03-27 07:07:02.648722,2026-03-27 07:08:28.426879,0 days 00:01:25.778157,0.11456933604383283,0.4589911614231615,0.5680831479575064,0.08402753439047576,0.5338092349715855,0.04447217856475382,0.656491910978773,0.3313953068683576,14.336082236658784,24.990135124033184,4.0039634023227535,22.537739539553467,4.492673249206467,3.406480553043026,12.05904741938356,23.317972821616813,8,COMPLETE
421,1000000.0,1000000.0,0.06354082715376076,0.16222685991164892,0.09260282013902219,1000000.0,1000000.0,1000000.0,1000000.0,1000000.0,0.3028237113960359,0.3549414453393165,1000000.0,1000000.0,1000000.0,1000000.0,2026-03-27 07:08:28.439929,2026-03-27 07:09:54.135292,0 days 00:01:25.695363,0.8533491829725948,0.4589911614231615,0.6494471808280816,0.08402753439047576,0.2613958420681749,0.10548093970678966,0.144510538136074,0.6213453057576726,14.336082236658784,13.419946948700135,0.9699504017181515,8.497448359305542,22.19150472819343,0.8005203795171522,22.213467593212247,16.52425539397861,8,COMPLETE
422,1000000.0,1000000.0,0.03219121676902291,1000000.0,1000000.0,1000000.0,1000000.0,1000000.0,1000000.0,1000000.0,0.20788825462530794,1000000.0,1000000.0,1000000.0,1000000.0,1000000.0,2026-03-27 07:09:54.147127,2026-03-27 07:11:19.467638,0 days 00:01:25.320511,0.10469953715964221,0.07051941277168566,0.09673007434862858,0.9802401008067853,0.8980082897770008,0.10581243804939185,0.21682645139293405,0.45679019582675656,15.227149486796332,5.303501942283226,7.325954200026158,22.537739539553467,16.857542929250258,7.743629492631297,22.89695265693244,13.141610768161886,8,COMPLETE
423,1000000.0,1000000.0,0.008231628338659567,1000000.0,1000000.0,1000000.0,1000000.0,1000000.0,1000000.0,1000000.0,1000000.0,1000000.0,1000000.0,1000000.0,1000000.0,1000000.0,2026-03-27 07:11:19.478646,2026-03-27 07:12:44.602007,0 days 00:01:25.123361,0.9695324378906215,0.5590415933152213,0.10750574440615002,0.9802401008067853,0.9836996465177444,0.10548093970678966,0.21682645139293405,0.7527571531020829,17.668334938464362,13.419946948700135,20.08659521899448,23.10618075923542,4.06858719167553,19.336553685076222,7.471310740278318,0.19401518139406712,8,COMPLETE
424,1000000.0,1000000.0,1000000.0,1000000.0,1000000.0,1000000.0,1000000.0,1000000.0,1000000.0,1000000.0,1000000.0,1000000.0,1000000.0,1000000.0,1000000.0,1000000.0,2026-03-27 07:12:44.612690,2026-03-27 07:13:11.721268,0 days 00:00:27.108578,0.8533491829725948,0.3811564838830513,0.6092300644170181,0.4271970155431605,0.8980082897770008,0.10581243804939185,0.21682645139293405,0.6213453057576726,15.227149486796332,5.525152231868991,18.816633276113514,18.994967083817833,24.660015912366433,12.417889027941694,10.070617088003614,13.141610768161886,8,COMPLETE
425,1000000.0,1000000.0,1000000.0,1000000.0,1000000.0,1000000.0,1000000.0,1000000.0,1000000.0,1000000.0,1000000.0,1000000.0,1000000.0,1000000.0,1000000.0,1000000.0,2026-03-27 07:13:11.733261,2026-03-27 07:13:39.750633,0 days 00:00:28.017372,0.565192615172066,0.9662106523213966,0.3662873111936026,0.6506844034990305,0.4067309082100382,0.048458629742033944,0.8396035566203823,0.3573897918350033,14.336082236658784,12.669842888654136,20.08659521899448,8.497448359305542,8.232864379143397,15.04881858178218,7.8099734276184805,16.751754090776785,8,COMPLETE
426,1000000.0,1000000.0,0.027800894734899773,0.24867794963046386,0.06953206414627142,1000000.0,1000000.0,1000000.0,1000000.0,1000000.0,1000000.0,1000000.0,0.449835246360243,1000000.0,1000000.0,1000000.0,2026-03-27 07:13:39.762128,2026-03-27 07:15:05.701464,0 days 00:01:25.939336,0.19434276690089075,0.3308930906123468,0.882073862033187,0.23352336851052583,0.49925951439255534,0.29356622182872544,0.11013753367690134,0.5317284110038133,10.700245534655053,5.4492536853244,4.0039634023227535,2.3996853794289623,0.3297800798218504,3.406480553043026,14.898875124396334,6.502701749861743,8,COMPLETE
427,1000000.0,1000000.0,1000000.0,1000000.0,1000000.0,1000000.0,1000000.0,1000000.0,1000000.0,1000000.0,1000000.0,1000000.0,1000000.0,1000000.0,1000000.0,1000000.0,2026-03-27 07:15:05.712877,2026-03-27 07:15:37.352619,0 days 00:00:31.639742,0.2690657300012693,0.1086233050185069,0.10323523848729411,0.10106587474488772,0.4067309082100382,0.36126558107878737,0.144510538136074,0.3313953068683576,5.265302379179622,16.7425492005099,23.076486373542313,6.502807285793374,24.06685693345404,18.073938319277147,20.845132564819007,22.559228898153115,8,COMPLETE
428,1000000.0,1000000.0,0.06630361703399576,0.15349337139503547,1000000.0,1000000.0,1000000.0,1000000.0,1000000.0,1000000.0,0.30780532855619425,0.3213610989649968,1000000.0,1000000.0,1000000.0,1000000.0,2026-03-27 07:15:37.365063,2026-03-27 07:17:07.328156,0 days 00:01:29.963093,0.8533491829725948,0.5590415933152213,0.10750574440615002,0.15966199401250572,0.9836996465177444,0.048458629742033944,0.21682645139293405,0.530380593957727,15.227149486796332,16.7425492005099,20.08659521899448,1.1785183738590708,7.72886205309009,2.18106675286599,14.482395734341585,0.19401518139406712,8,COMPLETE
429,1000000.0,1000000.0,1000000.0,1000000.0,1000000.0,1000000.0,1000000.0,1000000.0,1000000.0,1000000.0,1000000.0,1000000.0,1000000.0,1000000.0,1000000.0,1000000.0,2026-03-27 07:17:07.338670,2026-03-27 07:17:27.915933,0 days 00:00:20.577263,0.565192615172066,0.3566939980798594,0.10323523848729411,0.08402753439047576,0.2192999616837112,0.6908369927643986,0.8414442611902317,0.021181156763885364,5.265302379179622,16.7425492005099,2.3618699632612206,8.497448359305542,24.06685693345404,3.406480553043026,20.845132564819007,23.317972821616813,8,COMPLETE
430,1000000.0,1000000.0,0.06110159290546634,0.16943354848607373,0.0601353200841336,1000000.0,1000000.0,1000000.0,1000000.0,1000000.0,0.2926313348631865,0.3476268228921469,1000000.0,1000000.0,1000000.0,1000000.0,2026-03-27 07:17:27.926125,2026-03-27 07:18:53.311517,0 days 00:01:25.385392,0.8533491829725948,0.2267353245055709,0.10323523848729411,0.10490483734021938,0.2613958420681749,0.10581243804939185,0.21682645139293405,0.5317284110038133,13.606542522166201,0.855172357302774,4.0039634023227535,1.8736498279063647,13.872765173409892,3.406480553043026,22.89695265693244,13.141610768161886,8,COMPLETE
431,1000000.0,1000000.0,0.031311454423824533,1000000.0,0.1541719530234512,1000000.0,1000000.0,1000000.0,1000000.0,1000000.0,0.21255415426244514,1000000.0,1000000.0,1000000.0,1000000.0,1000000.0,2026-03-27 07:18:53.321661,2026-03-27 07:20:18.426672,0 days 00:01:25.105011,0.521736806452696,0.9337990206042488,0.6494471808280816,0.8856389215616685,0.6448191628896351,0.10548093970678966,0.8396035566203823,0.45679019582675656,17.668334938464362,16.7425492005099,7.325954200026158,11.414162968050556,4.06858719167553,7.006334444527836,22.89695265693244,3.3116537712887766,8,COMPLETE
432,1000000.0,1000000.0,0.0483008992524574,1000000.0,0.03984956354824103,1000000.0,1000000.0,1000000.0,1000000.0,1000000.0,0.290048539213718,1000000.0,0.37032125472451066,1000000.0,1000000.0,1000000.0,2026-03-27 07:20:18.437915,2026-03-27 07:21:44.980510,0 days 00:01:26.542595,0.4858433328611808,0.3592446467592388,0.6494471808280816,0.7736109557469404,0.2613958420681749,0.07393182880556347,0.8002426776394009,0.6025534001147111,7.676441564236882,11.74965743647482,18.816633276113514,22.537739539553467,4.492673249206467,0.8005203795171522,22.213467593212247,22.559228898153115,8,COMPLETE
